host: cibio-bcglab4
Building DAG of jobs...
Using shell: /usr/bin/bash
Provided cores: 50
Rules claiming more threads will be scaled down.
Job stats:
job                 count
----------------  -------
all                     1
index_phased_vcf       22
total                  23

Select jobs to execute...
Execute 22 jobs...

[Wed Nov 13 17:41:57 2024]
localrule index_phased_vcf:
    input: /shares/CIBIO-Storage/BCG/scratch/fgastaldello/data/cvep-plm/UVM/phased_vcf/UVM.chr7.phased.bcf
    output: /shares/CIBIO-Storage/BCG/scratch/fgastaldello/data/cvep-plm/UVM/phased_vcf/UVM.chr7.phased.bcf.tbi
    jobid: 33
    reason: Missing output files: /shares/CIBIO-Storage/BCG/scratch/fgastaldello/data/cvep-plm/UVM/phased_vcf/UVM.chr7.phased.bcf.tbi
    wildcards: cancer_type=UVM, chr=7
    resources: tmpdir=/tmp


[Wed Nov 13 17:41:57 2024]
localrule index_phased_vcf:
    input: /shares/CIBIO-Storage/BCG/scratch/fgastaldello/data/cvep-plm/UVM/phased_vcf/UVM.chr22.phased.bcf
    output: /shares/CIBIO-Storage/BCG/scratch/fgastaldello/data/cvep-plm/UVM/phased_vcf/UVM.chr22.phased.bcf.tbi
    jobid: 93
    reason: Missing output files: /shares/CIBIO-Storage/BCG/scratch/fgastaldello/data/cvep-plm/UVM/phased_vcf/UVM.chr22.phased.bcf.tbi
    wildcards: cancer_type=UVM, chr=22
    resources: tmpdir=/tmp


[Wed Nov 13 17:41:57 2024]
localrule index_phased_vcf:
    input: /shares/CIBIO-Storage/BCG/scratch/fgastaldello/data/cvep-plm/UVM/phased_vcf/UVM.chr6.phased.bcf
    output: /shares/CIBIO-Storage/BCG/scratch/fgastaldello/data/cvep-plm/UVM/phased_vcf/UVM.chr6.phased.bcf.tbi
    jobid: 29
    reason: Missing output files: /shares/CIBIO-Storage/BCG/scratch/fgastaldello/data/cvep-plm/UVM/phased_vcf/UVM.chr6.phased.bcf.tbi
    wildcards: cancer_type=UVM, chr=6
    resources: tmpdir=/tmp


[Wed Nov 13 17:41:57 2024]
localrule index_phased_vcf:
    input: /shares/CIBIO-Storage/BCG/scratch/fgastaldello/data/cvep-plm/UVM/phased_vcf/UVM.chr21.phased.bcf
    output: /shares/CIBIO-Storage/BCG/scratch/fgastaldello/data/cvep-plm/UVM/phased_vcf/UVM.chr21.phased.bcf.tbi
    jobid: 89
    reason: Missing output files: /shares/CIBIO-Storage/BCG/scratch/fgastaldello/data/cvep-plm/UVM/phased_vcf/UVM.chr21.phased.bcf.tbi
    wildcards: cancer_type=UVM, chr=21
    resources: tmpdir=/tmp


[Wed Nov 13 17:41:57 2024]
localrule index_phased_vcf:
    input: /shares/CIBIO-Storage/BCG/scratch/fgastaldello/data/cvep-plm/UVM/phased_vcf/UVM.chr5.phased.bcf
    output: /shares/CIBIO-Storage/BCG/scratch/fgastaldello/data/cvep-plm/UVM/phased_vcf/UVM.chr5.phased.bcf.tbi
    jobid: 25
    reason: Missing output files: /shares/CIBIO-Storage/BCG/scratch/fgastaldello/data/cvep-plm/UVM/phased_vcf/UVM.chr5.phased.bcf.tbi
    wildcards: cancer_type=UVM, chr=5
    resources: tmpdir=/tmp


[Wed Nov 13 17:41:57 2024]
localrule index_phased_vcf:
    input: /shares/CIBIO-Storage/BCG/scratch/fgastaldello/data/cvep-plm/UVM/phased_vcf/UVM.chr20.phased.bcf
    output: /shares/CIBIO-Storage/BCG/scratch/fgastaldello/data/cvep-plm/UVM/phased_vcf/UVM.chr20.phased.bcf.tbi
    jobid: 85
    reason: Missing output files: /shares/CIBIO-Storage/BCG/scratch/fgastaldello/data/cvep-plm/UVM/phased_vcf/UVM.chr20.phased.bcf.tbi
    wildcards: cancer_type=UVM, chr=20
    resources: tmpdir=/tmp


[Wed Nov 13 17:41:57 2024]
localrule index_phased_vcf:
    input: /shares/CIBIO-Storage/BCG/scratch/fgastaldello/data/cvep-plm/UVM/phased_vcf/UVM.chr4.phased.bcf
    output: /shares/CIBIO-Storage/BCG/scratch/fgastaldello/data/cvep-plm/UVM/phased_vcf/UVM.chr4.phased.bcf.tbi
    jobid: 21
    reason: Missing output files: /shares/CIBIO-Storage/BCG/scratch/fgastaldello/data/cvep-plm/UVM/phased_vcf/UVM.chr4.phased.bcf.tbi
    wildcards: cancer_type=UVM, chr=4
    resources: tmpdir=/tmp


[Wed Nov 13 17:41:57 2024]
localrule index_phased_vcf:
    input: /shares/CIBIO-Storage/BCG/scratch/fgastaldello/data/cvep-plm/UVM/phased_vcf/UVM.chr19.phased.bcf
    output: /shares/CIBIO-Storage/BCG/scratch/fgastaldello/data/cvep-plm/UVM/phased_vcf/UVM.chr19.phased.bcf.tbi
    jobid: 81
    reason: Missing output files: /shares/CIBIO-Storage/BCG/scratch/fgastaldello/data/cvep-plm/UVM/phased_vcf/UVM.chr19.phased.bcf.tbi
    wildcards: cancer_type=UVM, chr=19
    resources: tmpdir=/tmp


[Wed Nov 13 17:41:57 2024]
localrule index_phased_vcf:
    input: /shares/CIBIO-Storage/BCG/scratch/fgastaldello/data/cvep-plm/UVM/phased_vcf/UVM.chr3.phased.bcf
    output: /shares/CIBIO-Storage/BCG/scratch/fgastaldello/data/cvep-plm/UVM/phased_vcf/UVM.chr3.phased.bcf.tbi
    jobid: 17
    reason: Missing output files: /shares/CIBIO-Storage/BCG/scratch/fgastaldello/data/cvep-plm/UVM/phased_vcf/UVM.chr3.phased.bcf.tbi
    wildcards: cancer_type=UVM, chr=3
    resources: tmpdir=/tmp


[Wed Nov 13 17:41:57 2024]
localrule index_phased_vcf:
    input: /shares/CIBIO-Storage/BCG/scratch/fgastaldello/data/cvep-plm/UVM/phased_vcf/UVM.chr18.phased.bcf
    output: /shares/CIBIO-Storage/BCG/scratch/fgastaldello/data/cvep-plm/UVM/phased_vcf/UVM.chr18.phased.bcf.tbi
    jobid: 77
    reason: Missing output files: /shares/CIBIO-Storage/BCG/scratch/fgastaldello/data/cvep-plm/UVM/phased_vcf/UVM.chr18.phased.bcf.tbi
    wildcards: cancer_type=UVM, chr=18
    resources: tmpdir=/tmp


[Wed Nov 13 17:41:57 2024]
localrule index_phased_vcf:
    input: /shares/CIBIO-Storage/BCG/scratch/fgastaldello/data/cvep-plm/UVM/phased_vcf/UVM.chr17.phased.bcf
    output: /shares/CIBIO-Storage/BCG/scratch/fgastaldello/data/cvep-plm/UVM/phased_vcf/UVM.chr17.phased.bcf.tbi
    jobid: 73
    reason: Missing output files: /shares/CIBIO-Storage/BCG/scratch/fgastaldello/data/cvep-plm/UVM/phased_vcf/UVM.chr17.phased.bcf.tbi
    wildcards: cancer_type=UVM, chr=17
    resources: tmpdir=/tmp


[Wed Nov 13 17:41:57 2024]
localrule index_phased_vcf:
    input: /shares/CIBIO-Storage/BCG/scratch/fgastaldello/data/cvep-plm/UVM/phased_vcf/UVM.chr2.phased.bcf
    output: /shares/CIBIO-Storage/BCG/scratch/fgastaldello/data/cvep-plm/UVM/phased_vcf/UVM.chr2.phased.bcf.tbi
    jobid: 13
    reason: Missing output files: /shares/CIBIO-Storage/BCG/scratch/fgastaldello/data/cvep-plm/UVM/phased_vcf/UVM.chr2.phased.bcf.tbi
    wildcards: cancer_type=UVM, chr=2
    resources: tmpdir=/tmp


[Wed Nov 13 17:41:57 2024]
localrule index_phased_vcf:
    input: /shares/CIBIO-Storage/BCG/scratch/fgastaldello/data/cvep-plm/UVM/phased_vcf/UVM.chr16.phased.bcf
    output: /shares/CIBIO-Storage/BCG/scratch/fgastaldello/data/cvep-plm/UVM/phased_vcf/UVM.chr16.phased.bcf.tbi
    jobid: 69
    reason: Missing output files: /shares/CIBIO-Storage/BCG/scratch/fgastaldello/data/cvep-plm/UVM/phased_vcf/UVM.chr16.phased.bcf.tbi
    wildcards: cancer_type=UVM, chr=16
    resources: tmpdir=/tmp


[Wed Nov 13 17:41:57 2024]
localrule index_phased_vcf:
    input: /shares/CIBIO-Storage/BCG/scratch/fgastaldello/data/cvep-plm/UVM/phased_vcf/UVM.chr1.phased.bcf
    output: /shares/CIBIO-Storage/BCG/scratch/fgastaldello/data/cvep-plm/UVM/phased_vcf/UVM.chr1.phased.bcf.tbi
    jobid: 1
    reason: Missing output files: /shares/CIBIO-Storage/BCG/scratch/fgastaldello/data/cvep-plm/UVM/phased_vcf/UVM.chr1.phased.bcf.tbi
    wildcards: cancer_type=UVM, chr=1
    resources: tmpdir=/tmp


[Wed Nov 13 17:41:57 2024]
localrule index_phased_vcf:
    input: /shares/CIBIO-Storage/BCG/scratch/fgastaldello/data/cvep-plm/UVM/phased_vcf/UVM.chr15.phased.bcf
    output: /shares/CIBIO-Storage/BCG/scratch/fgastaldello/data/cvep-plm/UVM/phased_vcf/UVM.chr15.phased.bcf.tbi
    jobid: 65
    reason: Missing output files: /shares/CIBIO-Storage/BCG/scratch/fgastaldello/data/cvep-plm/UVM/phased_vcf/UVM.chr15.phased.bcf.tbi
    wildcards: cancer_type=UVM, chr=15
    resources: tmpdir=/tmp


[Wed Nov 13 17:41:57 2024]
localrule index_phased_vcf:
    input: /shares/CIBIO-Storage/BCG/scratch/fgastaldello/data/cvep-plm/UVM/phased_vcf/UVM.chr14.phased.bcf
    output: /shares/CIBIO-Storage/BCG/scratch/fgastaldello/data/cvep-plm/UVM/phased_vcf/UVM.chr14.phased.bcf.tbi
    jobid: 61
    reason: Missing output files: /shares/CIBIO-Storage/BCG/scratch/fgastaldello/data/cvep-plm/UVM/phased_vcf/UVM.chr14.phased.bcf.tbi
    wildcards: cancer_type=UVM, chr=14
    resources: tmpdir=/tmp


[Wed Nov 13 17:41:57 2024]
localrule index_phased_vcf:
    input: /shares/CIBIO-Storage/BCG/scratch/fgastaldello/data/cvep-plm/UVM/phased_vcf/UVM.chr13.phased.bcf
    output: /shares/CIBIO-Storage/BCG/scratch/fgastaldello/data/cvep-plm/UVM/phased_vcf/UVM.chr13.phased.bcf.tbi
    jobid: 57
    reason: Missing output files: /shares/CIBIO-Storage/BCG/scratch/fgastaldello/data/cvep-plm/UVM/phased_vcf/UVM.chr13.phased.bcf.tbi
    wildcards: cancer_type=UVM, chr=13
    resources: tmpdir=/tmp


[Wed Nov 13 17:41:57 2024]
localrule index_phased_vcf:
    input: /shares/CIBIO-Storage/BCG/scratch/fgastaldello/data/cvep-plm/UVM/phased_vcf/UVM.chr12.phased.bcf
    output: /shares/CIBIO-Storage/BCG/scratch/fgastaldello/data/cvep-plm/UVM/phased_vcf/UVM.chr12.phased.bcf.tbi
    jobid: 53
    reason: Missing output files: /shares/CIBIO-Storage/BCG/scratch/fgastaldello/data/cvep-plm/UVM/phased_vcf/UVM.chr12.phased.bcf.tbi
    wildcards: cancer_type=UVM, chr=12
    resources: tmpdir=/tmp


[Wed Nov 13 17:41:57 2024]
localrule index_phased_vcf:
    input: /shares/CIBIO-Storage/BCG/scratch/fgastaldello/data/cvep-plm/UVM/phased_vcf/UVM.chr11.phased.bcf
    output: /shares/CIBIO-Storage/BCG/scratch/fgastaldello/data/cvep-plm/UVM/phased_vcf/UVM.chr11.phased.bcf.tbi
    jobid: 49
    reason: Missing output files: /shares/CIBIO-Storage/BCG/scratch/fgastaldello/data/cvep-plm/UVM/phased_vcf/UVM.chr11.phased.bcf.tbi
    wildcards: cancer_type=UVM, chr=11
    resources: tmpdir=/tmp


[Wed Nov 13 17:41:57 2024]
localrule index_phased_vcf:
    input: /shares/CIBIO-Storage/BCG/scratch/fgastaldello/data/cvep-plm/UVM/phased_vcf/UVM.chr10.phased.bcf
    output: /shares/CIBIO-Storage/BCG/scratch/fgastaldello/data/cvep-plm/UVM/phased_vcf/UVM.chr10.phased.bcf.tbi
    jobid: 45
    reason: Missing output files: /shares/CIBIO-Storage/BCG/scratch/fgastaldello/data/cvep-plm/UVM/phased_vcf/UVM.chr10.phased.bcf.tbi
    wildcards: cancer_type=UVM, chr=10
    resources: tmpdir=/tmp


[Wed Nov 13 17:41:57 2024]
localrule index_phased_vcf:
    input: /shares/CIBIO-Storage/BCG/scratch/fgastaldello/data/cvep-plm/UVM/phased_vcf/UVM.chr9.phased.bcf
    output: /shares/CIBIO-Storage/BCG/scratch/fgastaldello/data/cvep-plm/UVM/phased_vcf/UVM.chr9.phased.bcf.tbi
    jobid: 41
    reason: Missing output files: /shares/CIBIO-Storage/BCG/scratch/fgastaldello/data/cvep-plm/UVM/phased_vcf/UVM.chr9.phased.bcf.tbi
    wildcards: cancer_type=UVM, chr=9
    resources: tmpdir=/tmp


[Wed Nov 13 17:41:57 2024]
localrule index_phased_vcf:
    input: /shares/CIBIO-Storage/BCG/scratch/fgastaldello/data/cvep-plm/UVM/phased_vcf/UVM.chr8.phased.bcf
    output: /shares/CIBIO-Storage/BCG/scratch/fgastaldello/data/cvep-plm/UVM/phased_vcf/UVM.chr8.phased.bcf.tbi
    jobid: 37
    reason: Missing output files: /shares/CIBIO-Storage/BCG/scratch/fgastaldello/data/cvep-plm/UVM/phased_vcf/UVM.chr8.phased.bcf.tbi
    wildcards: cancer_type=UVM, chr=8
    resources: tmpdir=/tmp

Waiting at most 5 seconds for missing files.
MissingOutputException in rule index_phased_vcf in file /shares/CIBIO-Storage/BCG/scratch/fgastaldello/code/cvep-plm/snakefile, line 98:
Job 33  completed successfully, but some output files are missing. Missing files after 5 seconds. This might be due to filesystem latency. If that is the case, consider to increase the wait time with --latency-wait:
/shares/CIBIO-Storage/BCG/scratch/fgastaldello/data/cvep-plm/UVM/phased_vcf/UVM.chr7.phased.bcf.tbi (missing locally, parent dir contents: UVM.chr21.phased.bcf, UVM.chr21.phased.bcf.csi, UVM.chr13.phased.bcf, UVM.chr13.phased.bcf.csi, UVM.chr18.phased.bcf, UVM.chr18.phased.bcf.csi, UVM.chr20.phased.bcf, UVM.chr20.phased.bcf.csi, UVM.chr22.phased.bcf, UVM.chr22.phased.bcf.csi, UVM.chr4.phased.bcf, UVM.chr4.phased.bcf.csi, UVM.chr10.phased.bcf, UVM.chr10.phased.bcf.csi, UVM.chr15.phased.bcf, UVM.chr15.phased.bcf.csi, UVM.chr14.phased.bcf, UVM.chr14.phased.bcf.csi, UVM.chr9.phased.bcf, UVM.chr9.phased.bcf.csi, UVM.chr7.phased.bcf, UVM.chr16.phased.bcf, UVM.chr7.phased.bcf.csi, UVM.chr16.phased.bcf.csi, UVM.chr8.phased.bcf, UVM.chr8.phased.bcf.csi, UVM.chr5.phased.bcf, UVM.chr5.phased.bcf.csi, UVM.chr12.phased.bcf, UVM.chr12.phased.bcf.csi, UVM.chr6.phased.bcf, UVM.chr6.phased.bcf.csi, UVM.chr11.phased.bcf, UVM.chr11.phased.bcf.csi, UVM.chr2.phased.bcf, UVM.chr2.phased.bcf.csi, UVM.chr17.phased.bcf, UVM.chr17.phased.bcf.csi, UVM.chr3.phased.bcf, UVM.chr3.phased.bcf.csi, UVM.chr19.phased.bcf, UVM.chr19.phased.bcf.csi, UVM.chr1.phased.bcf, UVM.chr1.phased.bcf.csi)
Waiting at most 5 seconds for missing files.
MissingOutputException in rule index_phased_vcf in file /shares/CIBIO-Storage/BCG/scratch/fgastaldello/code/cvep-plm/snakefile, line 98:
Job 93  completed successfully, but some output files are missing. Missing files after 5 seconds. This might be due to filesystem latency. If that is the case, consider to increase the wait time with --latency-wait:
/shares/CIBIO-Storage/BCG/scratch/fgastaldello/data/cvep-plm/UVM/phased_vcf/UVM.chr22.phased.bcf.tbi (missing locally, parent dir contents: UVM.chr21.phased.bcf, UVM.chr21.phased.bcf.csi, UVM.chr13.phased.bcf, UVM.chr13.phased.bcf.csi, UVM.chr18.phased.bcf, UVM.chr18.phased.bcf.csi, UVM.chr20.phased.bcf, UVM.chr20.phased.bcf.csi, UVM.chr22.phased.bcf, UVM.chr22.phased.bcf.csi, UVM.chr4.phased.bcf, UVM.chr4.phased.bcf.csi, UVM.chr10.phased.bcf, UVM.chr10.phased.bcf.csi, UVM.chr15.phased.bcf, UVM.chr15.phased.bcf.csi, UVM.chr14.phased.bcf, UVM.chr14.phased.bcf.csi, UVM.chr9.phased.bcf, UVM.chr9.phased.bcf.csi, UVM.chr7.phased.bcf, UVM.chr16.phased.bcf, UVM.chr7.phased.bcf.csi, UVM.chr16.phased.bcf.csi, UVM.chr8.phased.bcf, UVM.chr8.phased.bcf.csi, UVM.chr5.phased.bcf, UVM.chr5.phased.bcf.csi, UVM.chr12.phased.bcf, UVM.chr12.phased.bcf.csi, UVM.chr6.phased.bcf, UVM.chr6.phased.bcf.csi, UVM.chr11.phased.bcf, UVM.chr11.phased.bcf.csi, UVM.chr2.phased.bcf, UVM.chr2.phased.bcf.csi, UVM.chr17.phased.bcf, UVM.chr17.phased.bcf.csi, UVM.chr3.phased.bcf, UVM.chr3.phased.bcf.csi, UVM.chr19.phased.bcf, UVM.chr19.phased.bcf.csi, UVM.chr1.phased.bcf, UVM.chr1.phased.bcf.csi)
Waiting at most 5 seconds for missing files.
MissingOutputException in rule index_phased_vcf in file /shares/CIBIO-Storage/BCG/scratch/fgastaldello/code/cvep-plm/snakefile, line 98:
Job 29  completed successfully, but some output files are missing. Missing files after 5 seconds. This might be due to filesystem latency. If that is the case, consider to increase the wait time with --latency-wait:
/shares/CIBIO-Storage/BCG/scratch/fgastaldello/data/cvep-plm/UVM/phased_vcf/UVM.chr6.phased.bcf.tbi (missing locally, parent dir contents: UVM.chr21.phased.bcf, UVM.chr21.phased.bcf.csi, UVM.chr13.phased.bcf, UVM.chr13.phased.bcf.csi, UVM.chr18.phased.bcf, UVM.chr18.phased.bcf.csi, UVM.chr20.phased.bcf, UVM.chr20.phased.bcf.csi, UVM.chr22.phased.bcf, UVM.chr22.phased.bcf.csi, UVM.chr4.phased.bcf, UVM.chr4.phased.bcf.csi, UVM.chr10.phased.bcf, UVM.chr10.phased.bcf.csi, UVM.chr15.phased.bcf, UVM.chr15.phased.bcf.csi, UVM.chr14.phased.bcf, UVM.chr14.phased.bcf.csi, UVM.chr9.phased.bcf, UVM.chr9.phased.bcf.csi, UVM.chr7.phased.bcf, UVM.chr16.phased.bcf, UVM.chr7.phased.bcf.csi, UVM.chr16.phased.bcf.csi, UVM.chr8.phased.bcf, UVM.chr8.phased.bcf.csi, UVM.chr5.phased.bcf, UVM.chr5.phased.bcf.csi, UVM.chr12.phased.bcf, UVM.chr12.phased.bcf.csi, UVM.chr6.phased.bcf, UVM.chr6.phased.bcf.csi, UVM.chr11.phased.bcf, UVM.chr11.phased.bcf.csi, UVM.chr2.phased.bcf, UVM.chr2.phased.bcf.csi, UVM.chr17.phased.bcf, UVM.chr17.phased.bcf.csi, UVM.chr3.phased.bcf, UVM.chr3.phased.bcf.csi, UVM.chr19.phased.bcf, UVM.chr19.phased.bcf.csi, UVM.chr1.phased.bcf, UVM.chr1.phased.bcf.csi)
Waiting at most 5 seconds for missing files.
MissingOutputException in rule index_phased_vcf in file /shares/CIBIO-Storage/BCG/scratch/fgastaldello/code/cvep-plm/snakefile, line 98:
Job 89  completed successfully, but some output files are missing. Missing files after 5 seconds. This might be due to filesystem latency. If that is the case, consider to increase the wait time with --latency-wait:
/shares/CIBIO-Storage/BCG/scratch/fgastaldello/data/cvep-plm/UVM/phased_vcf/UVM.chr21.phased.bcf.tbi (missing locally, parent dir contents: UVM.chr21.phased.bcf, UVM.chr21.phased.bcf.csi, UVM.chr13.phased.bcf, UVM.chr13.phased.bcf.csi, UVM.chr18.phased.bcf, UVM.chr18.phased.bcf.csi, UVM.chr20.phased.bcf, UVM.chr20.phased.bcf.csi, UVM.chr22.phased.bcf, UVM.chr22.phased.bcf.csi, UVM.chr4.phased.bcf, UVM.chr4.phased.bcf.csi, UVM.chr10.phased.bcf, UVM.chr10.phased.bcf.csi, UVM.chr15.phased.bcf, UVM.chr15.phased.bcf.csi, UVM.chr14.phased.bcf, UVM.chr14.phased.bcf.csi, UVM.chr9.phased.bcf, UVM.chr9.phased.bcf.csi, UVM.chr7.phased.bcf, UVM.chr16.phased.bcf, UVM.chr7.phased.bcf.csi, UVM.chr16.phased.bcf.csi, UVM.chr8.phased.bcf, UVM.chr8.phased.bcf.csi, UVM.chr5.phased.bcf, UVM.chr5.phased.bcf.csi, UVM.chr12.phased.bcf, UVM.chr12.phased.bcf.csi, UVM.chr6.phased.bcf, UVM.chr6.phased.bcf.csi, UVM.chr11.phased.bcf, UVM.chr11.phased.bcf.csi, UVM.chr2.phased.bcf, UVM.chr2.phased.bcf.csi, UVM.chr17.phased.bcf, UVM.chr17.phased.bcf.csi, UVM.chr3.phased.bcf, UVM.chr3.phased.bcf.csi, UVM.chr19.phased.bcf, UVM.chr19.phased.bcf.csi, UVM.chr1.phased.bcf, UVM.chr1.phased.bcf.csi)
Waiting at most 5 seconds for missing files.
Terminating processes on user request, this might take some time.
Complete log: .snakemake/log/2024-11-13T174156.868333.snakemake.log
WorkflowError:
At least one job did not complete successfully.
