host: cibio-bcglab4
Building DAG of jobs...
Using shell: /usr/bin/bash
Provided cores: 50
Rules claiming more threads will be scaled down.
Job stats:
job                  count
-----------------  -------
all                      1
concat                   1
filter                   2
index                    2
index_phased_vcf        22
phasing                 22
sort_and_compress        2
split_chromosomes       22
total                   74

Select jobs to execute...
Execute 2 jobs...

[Wed Nov 13 15:53:10 2024]
localrule filter:
    input: /shares/CIBIO-Storage/BCG/scratch/fgastaldello/data/cvep-plm/UVM/vcf/UVM.indel.recalibrated_99.9.vcf
    output: /shares/CIBIO-Storage/BCG/scratch/fgastaldello/data/cvep-plm/UVM/temp/filtered_vcf/UVM.indel.vcf
    jobid: 8
    reason: Missing output files: /shares/CIBIO-Storage/BCG/scratch/fgastaldello/data/cvep-plm/UVM/temp/filtered_vcf/UVM.indel.vcf
    wildcards: cancer_type=UVM, variant_type=indel
    resources: tmpdir=/tmp


[Wed Nov 13 15:53:10 2024]
localrule filter:
    input: /shares/CIBIO-Storage/BCG/scratch/fgastaldello/data/cvep-plm/UVM/vcf/UVM.snp.recalibrated_99.9.vcf
    output: /shares/CIBIO-Storage/BCG/scratch/fgastaldello/data/cvep-plm/UVM/temp/filtered_vcf/UVM.snp.vcf
    jobid: 6
    reason: Missing output files: /shares/CIBIO-Storage/BCG/scratch/fgastaldello/data/cvep-plm/UVM/temp/filtered_vcf/UVM.snp.vcf; Code has changed since last execution
    wildcards: cancer_type=UVM, variant_type=snp
    resources: tmpdir=/tmp

[Wed Nov 13 15:53:15 2024]
Finished job 8.
1 of 74 steps (1%) done
Select jobs to execute...
Execute 1 jobs...

[Wed Nov 13 15:53:15 2024]
localrule sort_and_compress:
    input: /shares/CIBIO-Storage/BCG/scratch/fgastaldello/data/cvep-plm/UVM/temp/filtered_vcf/UVM.indel.vcf
    output: /shares/CIBIO-Storage/BCG/scratch/fgastaldello/data/cvep-plm/UVM/temp/sorted_compressed_vcf/UVM.indel.vcf.gz
    jobid: 7
    reason: Missing output files: /shares/CIBIO-Storage/BCG/scratch/fgastaldello/data/cvep-plm/UVM/temp/sorted_compressed_vcf/UVM.indel.vcf.gz; Input files updated by another job: /shares/CIBIO-Storage/BCG/scratch/fgastaldello/data/cvep-plm/UVM/temp/filtered_vcf/UVM.indel.vcf; Set of input files has changed since last execution
    wildcards: cancer_type=UVM, variant_type=indel
    resources: tmpdir=/tmp

[Wed Nov 13 15:53:16 2024]
Finished job 7.
2 of 74 steps (3%) done
Removing temporary output /shares/CIBIO-Storage/BCG/scratch/fgastaldello/data/cvep-plm/UVM/temp/filtered_vcf/UVM.indel.vcf.
Select jobs to execute...
Execute 1 jobs...

[Wed Nov 13 15:53:16 2024]
localrule index:
    input: /shares/CIBIO-Storage/BCG/scratch/fgastaldello/data/cvep-plm/UVM/temp/sorted_compressed_vcf/UVM.indel.vcf.gz
    output: /shares/CIBIO-Storage/BCG/scratch/fgastaldello/data/cvep-plm/UVM/temp/sorted_compressed_vcf/UVM.indel.vcf.gz.tbi
    jobid: 10
    reason: Missing output files: /shares/CIBIO-Storage/BCG/scratch/fgastaldello/data/cvep-plm/UVM/temp/sorted_compressed_vcf/UVM.indel.vcf.gz.tbi; Input files updated by another job: /shares/CIBIO-Storage/BCG/scratch/fgastaldello/data/cvep-plm/UVM/temp/sorted_compressed_vcf/UVM.indel.vcf.gz
    wildcards: cancer_type=UVM, variant_type=indel
    resources: tmpdir=/tmp

[Wed Nov 13 15:53:17 2024]
Finished job 10.
3 of 74 steps (4%) done
[Wed Nov 13 15:53:17 2024]
Finished job 6.
4 of 74 steps (5%) done
Select jobs to execute...
Execute 1 jobs...

[Wed Nov 13 15:53:17 2024]
localrule sort_and_compress:
    input: /shares/CIBIO-Storage/BCG/scratch/fgastaldello/data/cvep-plm/UVM/temp/filtered_vcf/UVM.snp.vcf
    output: /shares/CIBIO-Storage/BCG/scratch/fgastaldello/data/cvep-plm/UVM/temp/sorted_compressed_vcf/UVM.snp.vcf.gz
    jobid: 5
    reason: Input files updated by another job: /shares/CIBIO-Storage/BCG/scratch/fgastaldello/data/cvep-plm/UVM/temp/filtered_vcf/UVM.snp.vcf
    wildcards: cancer_type=UVM, variant_type=snp
    resources: tmpdir=/tmp

[Wed Nov 13 15:53:31 2024]
Finished job 5.
5 of 74 steps (7%) done
Removing temporary output /shares/CIBIO-Storage/BCG/scratch/fgastaldello/data/cvep-plm/UVM/temp/filtered_vcf/UVM.snp.vcf.
Select jobs to execute...
Execute 1 jobs...

[Wed Nov 13 15:53:31 2024]
localrule index:
    input: /shares/CIBIO-Storage/BCG/scratch/fgastaldello/data/cvep-plm/UVM/temp/sorted_compressed_vcf/UVM.snp.vcf.gz
    output: /shares/CIBIO-Storage/BCG/scratch/fgastaldello/data/cvep-plm/UVM/temp/sorted_compressed_vcf/UVM.snp.vcf.gz.tbi
    jobid: 9
    reason: Missing output files: /shares/CIBIO-Storage/BCG/scratch/fgastaldello/data/cvep-plm/UVM/temp/sorted_compressed_vcf/UVM.snp.vcf.gz.tbi; Input files updated by another job: /shares/CIBIO-Storage/BCG/scratch/fgastaldello/data/cvep-plm/UVM/temp/sorted_compressed_vcf/UVM.snp.vcf.gz
    wildcards: cancer_type=UVM, variant_type=snp
    resources: tmpdir=/tmp

[Wed Nov 13 15:53:32 2024]
Finished job 9.
6 of 74 steps (8%) done
Select jobs to execute...
Execute 1 jobs...

[Wed Nov 13 15:53:32 2024]
localrule concat:
    input: /shares/CIBIO-Storage/BCG/scratch/fgastaldello/data/cvep-plm/UVM/temp/sorted_compressed_vcf/UVM.snp.vcf.gz, /shares/CIBIO-Storage/BCG/scratch/fgastaldello/data/cvep-plm/UVM/temp/sorted_compressed_vcf/UVM.indel.vcf.gz, /shares/CIBIO-Storage/BCG/scratch/fgastaldello/data/cvep-plm/UVM/temp/sorted_compressed_vcf/UVM.snp.vcf.gz.tbi, /shares/CIBIO-Storage/BCG/scratch/fgastaldello/data/cvep-plm/UVM/temp/sorted_compressed_vcf/UVM.indel.vcf.gz.tbi
    output: /shares/CIBIO-Storage/BCG/scratch/fgastaldello/data/cvep-plm/UVM/temp/concatenated_vcf/UVM.snp.indel.vcf.gz
    jobid: 4
    reason: Missing output files: /shares/CIBIO-Storage/BCG/scratch/fgastaldello/data/cvep-plm/UVM/temp/concatenated_vcf/UVM.snp.indel.vcf.gz; Input files updated by another job: /shares/CIBIO-Storage/BCG/scratch/fgastaldello/data/cvep-plm/UVM/temp/sorted_compressed_vcf/UVM.indel.vcf.gz, /shares/CIBIO-Storage/BCG/scratch/fgastaldello/data/cvep-plm/UVM/temp/sorted_compressed_vcf/UVM.indel.vcf.gz.tbi, /shares/CIBIO-Storage/BCG/scratch/fgastaldello/data/cvep-plm/UVM/temp/sorted_compressed_vcf/UVM.snp.vcf.gz, /shares/CIBIO-Storage/BCG/scratch/fgastaldello/data/cvep-plm/UVM/temp/sorted_compressed_vcf/UVM.snp.vcf.gz.tbi
    wildcards: cancer_type=UVM
    resources: tmpdir=/tmp

[Wed Nov 13 15:53:47 2024]
Finished job 4.
7 of 74 steps (9%) done
Removing temporary output /shares/CIBIO-Storage/BCG/scratch/fgastaldello/data/cvep-plm/UVM/temp/sorted_compressed_vcf/UVM.snp.vcf.gz.
Removing temporary output /shares/CIBIO-Storage/BCG/scratch/fgastaldello/data/cvep-plm/UVM/temp/sorted_compressed_vcf/UVM.indel.vcf.gz.
Removing temporary output /shares/CIBIO-Storage/BCG/scratch/fgastaldello/data/cvep-plm/UVM/temp/sorted_compressed_vcf/UVM.snp.vcf.gz.tbi.
Removing temporary output /shares/CIBIO-Storage/BCG/scratch/fgastaldello/data/cvep-plm/UVM/temp/sorted_compressed_vcf/UVM.indel.vcf.gz.tbi.
Select jobs to execute...
Execute 22 jobs...

[Wed Nov 13 15:53:47 2024]
localrule split_chromosomes:
    input: /shares/CIBIO-Storage/BCG/scratch/fgastaldello/data/cvep-plm/UVM/temp/concatenated_vcf/UVM.snp.indel.vcf.gz
    output: /shares/CIBIO-Storage/BCG/scratch/fgastaldello/data/cvep-plm/UVM/temp/vcf_per_chromosome/chr2.vcf.gz
    jobid: 13
    reason: Missing output files: /shares/CIBIO-Storage/BCG/scratch/fgastaldello/data/cvep-plm/UVM/temp/vcf_per_chromosome/chr2.vcf.gz; Input files updated by another job: /shares/CIBIO-Storage/BCG/scratch/fgastaldello/data/cvep-plm/UVM/temp/concatenated_vcf/UVM.snp.indel.vcf.gz
    wildcards: cancer_type=UVM, chr=2
    resources: tmpdir=/tmp


[Wed Nov 13 15:53:47 2024]
localrule split_chromosomes:
    input: /shares/CIBIO-Storage/BCG/scratch/fgastaldello/data/cvep-plm/UVM/temp/concatenated_vcf/UVM.snp.indel.vcf.gz
    output: /shares/CIBIO-Storage/BCG/scratch/fgastaldello/data/cvep-plm/UVM/temp/vcf_per_chromosome/chr3.vcf.gz
    jobid: 16
    reason: Missing output files: /shares/CIBIO-Storage/BCG/scratch/fgastaldello/data/cvep-plm/UVM/temp/vcf_per_chromosome/chr3.vcf.gz; Input files updated by another job: /shares/CIBIO-Storage/BCG/scratch/fgastaldello/data/cvep-plm/UVM/temp/concatenated_vcf/UVM.snp.indel.vcf.gz
    wildcards: cancer_type=UVM, chr=3
    resources: tmpdir=/tmp


[Wed Nov 13 15:53:47 2024]
localrule split_chromosomes:
    input: /shares/CIBIO-Storage/BCG/scratch/fgastaldello/data/cvep-plm/UVM/temp/concatenated_vcf/UVM.snp.indel.vcf.gz
    output: /shares/CIBIO-Storage/BCG/scratch/fgastaldello/data/cvep-plm/UVM/temp/vcf_per_chromosome/chr16.vcf.gz
    jobid: 55
    reason: Missing output files: /shares/CIBIO-Storage/BCG/scratch/fgastaldello/data/cvep-plm/UVM/temp/vcf_per_chromosome/chr16.vcf.gz; Input files updated by another job: /shares/CIBIO-Storage/BCG/scratch/fgastaldello/data/cvep-plm/UVM/temp/concatenated_vcf/UVM.snp.indel.vcf.gz
    wildcards: cancer_type=UVM, chr=16
    resources: tmpdir=/tmp


[Wed Nov 13 15:53:47 2024]
localrule split_chromosomes:
    input: /shares/CIBIO-Storage/BCG/scratch/fgastaldello/data/cvep-plm/UVM/temp/concatenated_vcf/UVM.snp.indel.vcf.gz
    output: /shares/CIBIO-Storage/BCG/scratch/fgastaldello/data/cvep-plm/UVM/temp/vcf_per_chromosome/chr17.vcf.gz
    jobid: 58
    reason: Missing output files: /shares/CIBIO-Storage/BCG/scratch/fgastaldello/data/cvep-plm/UVM/temp/vcf_per_chromosome/chr17.vcf.gz; Input files updated by another job: /shares/CIBIO-Storage/BCG/scratch/fgastaldello/data/cvep-plm/UVM/temp/concatenated_vcf/UVM.snp.indel.vcf.gz
    wildcards: cancer_type=UVM, chr=17
    resources: tmpdir=/tmp

[Wed Nov 13 15:53:47 2024]
Error in rule split_chromosomes:
    jobid: 16
    input: /shares/CIBIO-Storage/BCG/scratch/fgastaldello/data/cvep-plm/UVM/temp/concatenated_vcf/UVM.snp.indel.vcf.gz
    output: /shares/CIBIO-Storage/BCG/scratch/fgastaldello/data/cvep-plm/UVM/temp/vcf_per_chromosome/chr3.vcf.gz
    shell:
        bcftools view --regions chr3 /shares/CIBIO-Storage/BCG/scratch/fgastaldello/data/cvep-plm/UVM/temp/concatenated_vcf/UVM.snp.indel.vcf.gz -Oz -o /shares/CIBIO-Storage/BCG/scratch/fgastaldello/data/cvep-plm/UVM/temp/vcf_per_chromosome/chr3.vcf.gz
        (one of the commands exited with non-zero exit code; note that snakemake uses bash strict mode!)

[Wed Nov 13 15:53:47 2024]
Error in rule split_chromosomes:
    jobid: 13
    input: /shares/CIBIO-Storage/BCG/scratch/fgastaldello/data/cvep-plm/UVM/temp/concatenated_vcf/UVM.snp.indel.vcf.gz
    output: /shares/CIBIO-Storage/BCG/scratch/fgastaldello/data/cvep-plm/UVM/temp/vcf_per_chromosome/chr2.vcf.gz
    shell:
        bcftools view --regions chr2 /shares/CIBIO-Storage/BCG/scratch/fgastaldello/data/cvep-plm/UVM/temp/concatenated_vcf/UVM.snp.indel.vcf.gz -Oz -o /shares/CIBIO-Storage/BCG/scratch/fgastaldello/data/cvep-plm/UVM/temp/vcf_per_chromosome/chr2.vcf.gz
        (one of the commands exited with non-zero exit code; note that snakemake uses bash strict mode!)

[Wed Nov 13 15:53:47 2024]
Error in rule split_chromosomes:
    jobid: 55
    input: /shares/CIBIO-Storage/BCG/scratch/fgastaldello/data/cvep-plm/UVM/temp/concatenated_vcf/UVM.snp.indel.vcf.gz
    output: /shares/CIBIO-Storage/BCG/scratch/fgastaldello/data/cvep-plm/UVM/temp/vcf_per_chromosome/chr16.vcf.gz
    shell:
        bcftools view --regions chr16 /shares/CIBIO-Storage/BCG/scratch/fgastaldello/data/cvep-plm/UVM/temp/concatenated_vcf/UVM.snp.indel.vcf.gz -Oz -o /shares/CIBIO-Storage/BCG/scratch/fgastaldello/data/cvep-plm/UVM/temp/vcf_per_chromosome/chr16.vcf.gz
        (one of the commands exited with non-zero exit code; note that snakemake uses bash strict mode!)


[Wed Nov 13 15:53:47 2024]
localrule split_chromosomes:
    input: /shares/CIBIO-Storage/BCG/scratch/fgastaldello/data/cvep-plm/UVM/temp/concatenated_vcf/UVM.snp.indel.vcf.gz
    output: /shares/CIBIO-Storage/BCG/scratch/fgastaldello/data/cvep-plm/UVM/temp/vcf_per_chromosome/chr18.vcf.gz
    jobid: 61
    reason: Missing output files: /shares/CIBIO-Storage/BCG/scratch/fgastaldello/data/cvep-plm/UVM/temp/vcf_per_chromosome/chr18.vcf.gz; Input files updated by another job: /shares/CIBIO-Storage/BCG/scratch/fgastaldello/data/cvep-plm/UVM/temp/concatenated_vcf/UVM.snp.indel.vcf.gz
    wildcards: cancer_type=UVM, chr=18
    resources: tmpdir=/tmp


[Wed Nov 13 15:53:47 2024]
localrule split_chromosomes:
    input: /shares/CIBIO-Storage/BCG/scratch/fgastaldello/data/cvep-plm/UVM/temp/concatenated_vcf/UVM.snp.indel.vcf.gz
    output: /shares/CIBIO-Storage/BCG/scratch/fgastaldello/data/cvep-plm/UVM/temp/vcf_per_chromosome/chr7.vcf.gz
    jobid: 28
    reason: Missing output files: /shares/CIBIO-Storage/BCG/scratch/fgastaldello/data/cvep-plm/UVM/temp/vcf_per_chromosome/chr7.vcf.gz; Input files updated by another job: /shares/CIBIO-Storage/BCG/scratch/fgastaldello/data/cvep-plm/UVM/temp/concatenated_vcf/UVM.snp.indel.vcf.gz
    wildcards: cancer_type=UVM, chr=7
    resources: tmpdir=/tmp

[Wed Nov 13 15:53:47 2024]
Error in rule split_chromosomes:
    jobid: 58
    input: /shares/CIBIO-Storage/BCG/scratch/fgastaldello/data/cvep-plm/UVM/temp/concatenated_vcf/UVM.snp.indel.vcf.gz
    output: /shares/CIBIO-Storage/BCG/scratch/fgastaldello/data/cvep-plm/UVM/temp/vcf_per_chromosome/chr17.vcf.gz
    shell:
        bcftools view --regions chr17 /shares/CIBIO-Storage/BCG/scratch/fgastaldello/data/cvep-plm/UVM/temp/concatenated_vcf/UVM.snp.indel.vcf.gz -Oz -o /shares/CIBIO-Storage/BCG/scratch/fgastaldello/data/cvep-plm/UVM/temp/vcf_per_chromosome/chr17.vcf.gz
        (one of the commands exited with non-zero exit code; note that snakemake uses bash strict mode!)

[Wed Nov 13 15:53:47 2024]
Error in rule split_chromosomes:
    jobid: 28
    input: /shares/CIBIO-Storage/BCG/scratch/fgastaldello/data/cvep-plm/UVM/temp/concatenated_vcf/UVM.snp.indel.vcf.gz
    output: /shares/CIBIO-Storage/BCG/scratch/fgastaldello/data/cvep-plm/UVM/temp/vcf_per_chromosome/chr7.vcf.gz
    shell:
        bcftools view --regions chr7 /shares/CIBIO-Storage/BCG/scratch/fgastaldello/data/cvep-plm/UVM/temp/concatenated_vcf/UVM.snp.indel.vcf.gz -Oz -o /shares/CIBIO-Storage/BCG/scratch/fgastaldello/data/cvep-plm/UVM/temp/vcf_per_chromosome/chr7.vcf.gz
        (one of the commands exited with non-zero exit code; note that snakemake uses bash strict mode!)


[Wed Nov 13 15:53:47 2024]
[Wed Nov 13 15:53:47 2024]
Error in rule split_chromosomes:
    jobid: 61
    input: /shares/CIBIO-Storage/BCG/scratch/fgastaldello/data/cvep-plm/UVM/temp/concatenated_vcf/UVM.snp.indel.vcf.gz
    output: /shares/CIBIO-Storage/BCG/scratch/fgastaldello/data/cvep-plm/UVM/temp/vcf_per_chromosome/chr18.vcf.gz
    shell:
        bcftools view --regions chr18 /shares/CIBIO-Storage/BCG/scratch/fgastaldello/data/cvep-plm/UVM/temp/concatenated_vcf/UVM.snp.indel.vcf.gz -Oz -o /shares/CIBIO-Storage/BCG/scratch/fgastaldello/data/cvep-plm/UVM/temp/vcf_per_chromosome/chr18.vcf.gz
        (one of the commands exited with non-zero exit code; note that snakemake uses bash strict mode!)

localrule split_chromosomes:
    input: /shares/CIBIO-Storage/BCG/scratch/fgastaldello/data/cvep-plm/UVM/temp/concatenated_vcf/UVM.snp.indel.vcf.gz
    output: /shares/CIBIO-Storage/BCG/scratch/fgastaldello/data/cvep-plm/UVM/temp/vcf_per_chromosome/chr20.vcf.gz
    jobid: 67
    reason: Missing output files: /shares/CIBIO-Storage/BCG/scratch/fgastaldello/data/cvep-plm/UVM/temp/vcf_per_chromosome/chr20.vcf.gz; Input files updated by another job: /shares/CIBIO-Storage/BCG/scratch/fgastaldello/data/cvep-plm/UVM/temp/concatenated_vcf/UVM.snp.indel.vcf.gz
    wildcards: cancer_type=UVM, chr=20
    resources: tmpdir=/tmp


[Wed Nov 13 15:53:47 2024]
localrule split_chromosomes:
    input: /shares/CIBIO-Storage/BCG/scratch/fgastaldello/data/cvep-plm/UVM/temp/concatenated_vcf/UVM.snp.indel.vcf.gz
    output: /shares/CIBIO-Storage/BCG/scratch/fgastaldello/data/cvep-plm/UVM/temp/vcf_per_chromosome/chr11.vcf.gz
    jobid: 40
    reason: Missing output files: /shares/CIBIO-Storage/BCG/scratch/fgastaldello/data/cvep-plm/UVM/temp/vcf_per_chromosome/chr11.vcf.gz; Input files updated by another job: /shares/CIBIO-Storage/BCG/scratch/fgastaldello/data/cvep-plm/UVM/temp/concatenated_vcf/UVM.snp.indel.vcf.gz
    wildcards: cancer_type=UVM, chr=11
    resources: tmpdir=/tmp

[Wed Nov 13 15:53:47 2024]
Error in rule split_chromosomes:
    jobid: 67
    input: /shares/CIBIO-Storage/BCG/scratch/fgastaldello/data/cvep-plm/UVM/temp/concatenated_vcf/UVM.snp.indel.vcf.gz
    output: /shares/CIBIO-Storage/BCG/scratch/fgastaldello/data/cvep-plm/UVM/temp/vcf_per_chromosome/chr20.vcf.gz
    shell:
        bcftools view --regions chr20 /shares/CIBIO-Storage/BCG/scratch/fgastaldello/data/cvep-plm/UVM/temp/concatenated_vcf/UVM.snp.indel.vcf.gz -Oz -o /shares/CIBIO-Storage/BCG/scratch/fgastaldello/data/cvep-plm/UVM/temp/vcf_per_chromosome/chr20.vcf.gz
        (one of the commands exited with non-zero exit code; note that snakemake uses bash strict mode!)


[Wed Nov 13 15:53:47 2024]
localrule split_chromosomes:
    input: /shares/CIBIO-Storage/BCG/scratch/fgastaldello/data/cvep-plm/UVM/temp/concatenated_vcf/UVM.snp.indel.vcf.gz
    output: /shares/CIBIO-Storage/BCG/scratch/fgastaldello/data/cvep-plm/UVM/temp/vcf_per_chromosome/chr15.vcf.gz
    jobid: 52
    reason: Missing output files: /shares/CIBIO-Storage/BCG/scratch/fgastaldello/data/cvep-plm/UVM/temp/vcf_per_chromosome/chr15.vcf.gz; Input files updated by another job: /shares/CIBIO-Storage/BCG/scratch/fgastaldello/data/cvep-plm/UVM/temp/concatenated_vcf/UVM.snp.indel.vcf.gz
    wildcards: cancer_type=UVM, chr=15
    resources: tmpdir=/tmp


[Wed Nov 13 15:53:47 2024]
localrule split_chromosomes:
    input: /shares/CIBIO-Storage/BCG/scratch/fgastaldello/data/cvep-plm/UVM/temp/concatenated_vcf/UVM.snp.indel.vcf.gz
    output: /shares/CIBIO-Storage/BCG/scratch/fgastaldello/data/cvep-plm/UVM/temp/vcf_per_chromosome/chr1.vcf.gz
    jobid: 3
    reason: Missing output files: /shares/CIBIO-Storage/BCG/scratch/fgastaldello/data/cvep-plm/UVM/temp/vcf_per_chromosome/chr1.vcf.gz; Input files updated by another job: /shares/CIBIO-Storage/BCG/scratch/fgastaldello/data/cvep-plm/UVM/temp/concatenated_vcf/UVM.snp.indel.vcf.gz
    wildcards: cancer_type=UVM, chr=1
    resources: tmpdir=/tmp


[Wed Nov 13 15:53:47 2024]
localrule split_chromosomes:
    input: /shares/CIBIO-Storage/BCG/scratch/fgastaldello/data/cvep-plm/UVM/temp/concatenated_vcf/UVM.snp.indel.vcf.gz
    output: /shares/CIBIO-Storage/BCG/scratch/fgastaldello/data/cvep-plm/UVM/temp/vcf_per_chromosome/chr4.vcf.gz
    jobid: 19
    reason: Missing output files: /shares/CIBIO-Storage/BCG/scratch/fgastaldello/data/cvep-plm/UVM/temp/vcf_per_chromosome/chr4.vcf.gz; Input files updated by another job: /shares/CIBIO-Storage/BCG/scratch/fgastaldello/data/cvep-plm/UVM/temp/concatenated_vcf/UVM.snp.indel.vcf.gz
    wildcards: cancer_type=UVM, chr=4
    resources: tmpdir=/tmp

[Wed Nov 13 15:53:47 2024]
Error in rule split_chromosomes:
    jobid: 40
    input: /shares/CIBIO-Storage/BCG/scratch/fgastaldello/data/cvep-plm/UVM/temp/concatenated_vcf/UVM.snp.indel.vcf.gz
    output: /shares/CIBIO-Storage/BCG/scratch/fgastaldello/data/cvep-plm/UVM/temp/vcf_per_chromosome/chr11.vcf.gz
    shell:
        bcftools view --regions chr11 /shares/CIBIO-Storage/BCG/scratch/fgastaldello/data/cvep-plm/UVM/temp/concatenated_vcf/UVM.snp.indel.vcf.gz -Oz -o /shares/CIBIO-Storage/BCG/scratch/fgastaldello/data/cvep-plm/UVM/temp/vcf_per_chromosome/chr11.vcf.gz
        (one of the commands exited with non-zero exit code; note that snakemake uses bash strict mode!)

[Wed Nov 13 15:53:47 2024]
Error in rule split_chromosomes:
    jobid: 52
    input: /shares/CIBIO-Storage/BCG/scratch/fgastaldello/data/cvep-plm/UVM/temp/concatenated_vcf/UVM.snp.indel.vcf.gz
    output: /shares/CIBIO-Storage/BCG/scratch/fgastaldello/data/cvep-plm/UVM/temp/vcf_per_chromosome/chr15.vcf.gz
    shell:
        bcftools view --regions chr15 /shares/CIBIO-Storage/BCG/scratch/fgastaldello/data/cvep-plm/UVM/temp/concatenated_vcf/UVM.snp.indel.vcf.gz -Oz -o /shares/CIBIO-Storage/BCG/scratch/fgastaldello/data/cvep-plm/UVM/temp/vcf_per_chromosome/chr15.vcf.gz
        (one of the commands exited with non-zero exit code; note that snakemake uses bash strict mode!)


[Wed Nov 13 15:53:47 2024]
localrule split_chromosomes:
    input: /shares/CIBIO-Storage/BCG/scratch/fgastaldello/data/cvep-plm/UVM/temp/concatenated_vcf/UVM.snp.indel.vcf.gz
    output: /shares/CIBIO-Storage/BCG/scratch/fgastaldello/data/cvep-plm/UVM/temp/vcf_per_chromosome/chr8.vcf.gz
    jobid: 31
    reason: Missing output files: /shares/CIBIO-Storage/BCG/scratch/fgastaldello/data/cvep-plm/UVM/temp/vcf_per_chromosome/chr8.vcf.gz; Input files updated by another job: /shares/CIBIO-Storage/BCG/scratch/fgastaldello/data/cvep-plm/UVM/temp/concatenated_vcf/UVM.snp.indel.vcf.gz
    wildcards: cancer_type=UVM, chr=8
    resources: tmpdir=/tmp

[Wed Nov 13 15:53:47 2024]
Error in rule split_chromosomes:
    jobid: 3
    input: /shares/CIBIO-Storage/BCG/scratch/fgastaldello/data/cvep-plm/UVM/temp/concatenated_vcf/UVM.snp.indel.vcf.gz
    output: /shares/CIBIO-Storage/BCG/scratch/fgastaldello/data/cvep-plm/UVM/temp/vcf_per_chromosome/chr1.vcf.gz
    shell:
        bcftools view --regions chr1 /shares/CIBIO-Storage/BCG/scratch/fgastaldello/data/cvep-plm/UVM/temp/concatenated_vcf/UVM.snp.indel.vcf.gz -Oz -o /shares/CIBIO-Storage/BCG/scratch/fgastaldello/data/cvep-plm/UVM/temp/vcf_per_chromosome/chr1.vcf.gz
        (one of the commands exited with non-zero exit code; note that snakemake uses bash strict mode!)

[Wed Nov 13 15:53:47 2024]

Error in rule split_chromosomes:
    jobid: 19
    input: /shares/CIBIO-Storage/BCG/scratch/fgastaldello/data/cvep-plm/UVM/temp/concatenated_vcf/UVM.snp.indel.vcf.gz
    output: /shares/CIBIO-Storage/BCG/scratch/fgastaldello/data/cvep-plm/UVM/temp/vcf_per_chromosome/chr4.vcf.gz
    shell:
        bcftools view --regions chr4 /shares/CIBIO-Storage/BCG/scratch/fgastaldello/data/cvep-plm/UVM/temp/concatenated_vcf/UVM.snp.indel.vcf.gz -Oz -o /shares/CIBIO-Storage/BCG/scratch/fgastaldello/data/cvep-plm/UVM/temp/vcf_per_chromosome/chr4.vcf.gz
        (one of the commands exited with non-zero exit code; note that snakemake uses bash strict mode!)

[Wed Nov 13 15:53:47 2024]
localrule split_chromosomes:
    input: /shares/CIBIO-Storage/BCG/scratch/fgastaldello/data/cvep-plm/UVM/temp/concatenated_vcf/UVM.snp.indel.vcf.gz
    output: /shares/CIBIO-Storage/BCG/scratch/fgastaldello/data/cvep-plm/UVM/temp/vcf_per_chromosome/chr9.vcf.gz
    jobid: 34
    reason: Missing output files: /shares/CIBIO-Storage/BCG/scratch/fgastaldello/data/cvep-plm/UVM/temp/vcf_per_chromosome/chr9.vcf.gz; Input files updated by another job: /shares/CIBIO-Storage/BCG/scratch/fgastaldello/data/cvep-plm/UVM/temp/concatenated_vcf/UVM.snp.indel.vcf.gz
    wildcards: cancer_type=UVM, chr=9
    resources: tmpdir=/tmp


[Wed Nov 13 15:53:47 2024]
localrule split_chromosomes:
    input: /shares/CIBIO-Storage/BCG/scratch/fgastaldello/data/cvep-plm/UVM/temp/concatenated_vcf/UVM.snp.indel.vcf.gz
    output: /shares/CIBIO-Storage/BCG/scratch/fgastaldello/data/cvep-plm/UVM/temp/vcf_per_chromosome/chr13.vcf.gz
    jobid: 46
    reason: Missing output files: /shares/CIBIO-Storage/BCG/scratch/fgastaldello/data/cvep-plm/UVM/temp/vcf_per_chromosome/chr13.vcf.gz; Input files updated by another job: /shares/CIBIO-Storage/BCG/scratch/fgastaldello/data/cvep-plm/UVM/temp/concatenated_vcf/UVM.snp.indel.vcf.gz
    wildcards: cancer_type=UVM, chr=13
    resources: tmpdir=/tmp

[Wed Nov 13 15:53:47 2024]
Error in rule split_chromosomes:
    jobid: 31
    input: /shares/CIBIO-Storage/BCG/scratch/fgastaldello/data/cvep-plm/UVM/temp/concatenated_vcf/UVM.snp.indel.vcf.gz
    output: /shares/CIBIO-Storage/BCG/scratch/fgastaldello/data/cvep-plm/UVM/temp/vcf_per_chromosome/chr8.vcf.gz
    shell:
        bcftools view --regions chr8 /shares/CIBIO-Storage/BCG/scratch/fgastaldello/data/cvep-plm/UVM/temp/concatenated_vcf/UVM.snp.indel.vcf.gz -Oz -o /shares/CIBIO-Storage/BCG/scratch/fgastaldello/data/cvep-plm/UVM/temp/vcf_per_chromosome/chr8.vcf.gz
        (one of the commands exited with non-zero exit code; note that snakemake uses bash strict mode!)


[Wed Nov 13 15:53:47 2024]
localrule split_chromosomes:
    input: /shares/CIBIO-Storage/BCG/scratch/fgastaldello/data/cvep-plm/UVM/temp/concatenated_vcf/UVM.snp.indel.vcf.gz
    output: /shares/CIBIO-Storage/BCG/scratch/fgastaldello/data/cvep-plm/UVM/temp/vcf_per_chromosome/chr5.vcf.gz
    jobid: 22
    reason: Missing output files: /shares/CIBIO-Storage/BCG/scratch/fgastaldello/data/cvep-plm/UVM/temp/vcf_per_chromosome/chr5.vcf.gz; Input files updated by another job: /shares/CIBIO-Storage/BCG/scratch/fgastaldello/data/cvep-plm/UVM/temp/concatenated_vcf/UVM.snp.indel.vcf.gz
    wildcards: cancer_type=UVM, chr=5
    resources: tmpdir=/tmp

[Wed Nov 13 15:53:47 2024]
Error in rule split_chromosomes:
    jobid: 34
    input: /shares/CIBIO-Storage/BCG/scratch/fgastaldello/data/cvep-plm/UVM/temp/concatenated_vcf/UVM.snp.indel.vcf.gz
    output: /shares/CIBIO-Storage/BCG/scratch/fgastaldello/data/cvep-plm/UVM/temp/vcf_per_chromosome/chr9.vcf.gz
    shell:
        bcftools view --regions chr9 /shares/CIBIO-Storage/BCG/scratch/fgastaldello/data/cvep-plm/UVM/temp/concatenated_vcf/UVM.snp.indel.vcf.gz -Oz -o /shares/CIBIO-Storage/BCG/scratch/fgastaldello/data/cvep-plm/UVM/temp/vcf_per_chromosome/chr9.vcf.gz
        (one of the commands exited with non-zero exit code; note that snakemake uses bash strict mode!)


[Wed Nov 13 15:53:47 2024]
localrule split_chromosomes:
    input: /shares/CIBIO-Storage/BCG/scratch/fgastaldello/data/cvep-plm/UVM/temp/concatenated_vcf/UVM.snp.indel.vcf.gz
    output: /shares/CIBIO-Storage/BCG/scratch/fgastaldello/data/cvep-plm/UVM/temp/vcf_per_chromosome/chr10.vcf.gz
    jobid: 37
    reason: Missing output files: /shares/CIBIO-Storage/BCG/scratch/fgastaldello/data/cvep-plm/UVM/temp/vcf_per_chromosome/chr10.vcf.gz; Input files updated by another job: /shares/CIBIO-Storage/BCG/scratch/fgastaldello/data/cvep-plm/UVM/temp/concatenated_vcf/UVM.snp.indel.vcf.gz
    wildcards: cancer_type=UVM, chr=10
    resources: tmpdir=/tmp


[Wed Nov 13 15:53:47 2024]
localrule split_chromosomes:
    input: /shares/CIBIO-Storage/BCG/scratch/fgastaldello/data/cvep-plm/UVM/temp/concatenated_vcf/UVM.snp.indel.vcf.gz
    output: /shares/CIBIO-Storage/BCG/scratch/fgastaldello/data/cvep-plm/UVM/temp/vcf_per_chromosome/chr14.vcf.gz
    jobid: 49
    reason: Missing output files: /shares/CIBIO-Storage/BCG/scratch/fgastaldello/data/cvep-plm/UVM/temp/vcf_per_chromosome/chr14.vcf.gz; Input files updated by another job: /shares/CIBIO-Storage/BCG/scratch/fgastaldello/data/cvep-plm/UVM/temp/concatenated_vcf/UVM.snp.indel.vcf.gz
    wildcards: cancer_type=UVM, chr=14
    resources: tmpdir=/tmp

[Wed Nov 13 15:53:47 2024]
[Wed Nov 13 15:53:47 2024]
Error in rule split_chromosomes:
    jobid: 22
    input: /shares/CIBIO-Storage/BCG/scratch/fgastaldello/data/cvep-plm/UVM/temp/concatenated_vcf/UVM.snp.indel.vcf.gz
    output: /shares/CIBIO-Storage/BCG/scratch/fgastaldello/data/cvep-plm/UVM/temp/vcf_per_chromosome/chr5.vcf.gz
    shell:
        bcftools view --regions chr5 /shares/CIBIO-Storage/BCG/scratch/fgastaldello/data/cvep-plm/UVM/temp/concatenated_vcf/UVM.snp.indel.vcf.gz -Oz -o /shares/CIBIO-Storage/BCG/scratch/fgastaldello/data/cvep-plm/UVM/temp/vcf_per_chromosome/chr5.vcf.gz
        (one of the commands exited with non-zero exit code; note that snakemake uses bash strict mode!)

Error in rule split_chromosomes:
    jobid: 46
    input: /shares/CIBIO-Storage/BCG/scratch/fgastaldello/data/cvep-plm/UVM/temp/concatenated_vcf/UVM.snp.indel.vcf.gz
    output: /shares/CIBIO-Storage/BCG/scratch/fgastaldello/data/cvep-plm/UVM/temp/vcf_per_chromosome/chr13.vcf.gz
    shell:
        bcftools view --regions chr13 /shares/CIBIO-Storage/BCG/scratch/fgastaldello/data/cvep-plm/UVM/temp/concatenated_vcf/UVM.snp.indel.vcf.gz -Oz -o /shares/CIBIO-Storage/BCG/scratch/fgastaldello/data/cvep-plm/UVM/temp/vcf_per_chromosome/chr13.vcf.gz
        (one of the commands exited with non-zero exit code; note that snakemake uses bash strict mode!)

[Wed Nov 13 15:53:47 2024]
Error in rule split_chromosomes:
    jobid: 37
    input: /shares/CIBIO-Storage/BCG/scratch/fgastaldello/data/cvep-plm/UVM/temp/concatenated_vcf/UVM.snp.indel.vcf.gz
    output: /shares/CIBIO-Storage/BCG/scratch/fgastaldello/data/cvep-plm/UVM/temp/vcf_per_chromosome/chr10.vcf.gz
    shell:
        bcftools view --regions chr10 /shares/CIBIO-Storage/BCG/scratch/fgastaldello/data/cvep-plm/UVM/temp/concatenated_vcf/UVM.snp.indel.vcf.gz -Oz -o /shares/CIBIO-Storage/BCG/scratch/fgastaldello/data/cvep-plm/UVM/temp/vcf_per_chromosome/chr10.vcf.gz
        (one of the commands exited with non-zero exit code; note that snakemake uses bash strict mode!)


[Wed Nov 13 15:53:47 2024]
localrule split_chromosomes:
    input: /shares/CIBIO-Storage/BCG/scratch/fgastaldello/data/cvep-plm/UVM/temp/concatenated_vcf/UVM.snp.indel.vcf.gz
    output: /shares/CIBIO-Storage/BCG/scratch/fgastaldello/data/cvep-plm/UVM/temp/vcf_per_chromosome/chr6.vcf.gz
    jobid: 25
    reason: Missing output files: /shares/CIBIO-Storage/BCG/scratch/fgastaldello/data/cvep-plm/UVM/temp/vcf_per_chromosome/chr6.vcf.gz; Input files updated by another job: /shares/CIBIO-Storage/BCG/scratch/fgastaldello/data/cvep-plm/UVM/temp/concatenated_vcf/UVM.snp.indel.vcf.gz
    wildcards: cancer_type=UVM, chr=6
    resources: tmpdir=/tmp


[Wed Nov 13 15:53:47 2024]
localrule split_chromosomes:
    input: /shares/CIBIO-Storage/BCG/scratch/fgastaldello/data/cvep-plm/UVM/temp/concatenated_vcf/UVM.snp.indel.vcf.gz
    output: /shares/CIBIO-Storage/BCG/scratch/fgastaldello/data/cvep-plm/UVM/temp/vcf_per_chromosome/chr19.vcf.gz
    jobid: 64
    reason: Missing output files: /shares/CIBIO-Storage/BCG/scratch/fgastaldello/data/cvep-plm/UVM/temp/vcf_per_chromosome/chr19.vcf.gz; Input files updated by another job: /shares/CIBIO-Storage/BCG/scratch/fgastaldello/data/cvep-plm/UVM/temp/concatenated_vcf/UVM.snp.indel.vcf.gz
    wildcards: cancer_type=UVM, chr=19
    resources: tmpdir=/tmp

[Wed Nov 13 15:53:47 2024]
Error in rule split_chromosomes:
    jobid: 49
    input: /shares/CIBIO-Storage/BCG/scratch/fgastaldello/data/cvep-plm/UVM/temp/concatenated_vcf/UVM.snp.indel.vcf.gz
    output: /shares/CIBIO-Storage/BCG/scratch/fgastaldello/data/cvep-plm/UVM/temp/vcf_per_chromosome/chr14.vcf.gz
    shell:
        bcftools view --regions chr14 /shares/CIBIO-Storage/BCG/scratch/fgastaldello/data/cvep-plm/UVM/temp/concatenated_vcf/UVM.snp.indel.vcf.gz -Oz -o /shares/CIBIO-Storage/BCG/scratch/fgastaldello/data/cvep-plm/UVM/temp/vcf_per_chromosome/chr14.vcf.gz
        (one of the commands exited with non-zero exit code; note that snakemake uses bash strict mode!)


[Wed Nov 13 15:53:47 2024]
localrule split_chromosomes:
    input: /shares/CIBIO-Storage/BCG/scratch/fgastaldello/data/cvep-plm/UVM/temp/concatenated_vcf/UVM.snp.indel.vcf.gz
    output: /shares/CIBIO-Storage/BCG/scratch/fgastaldello/data/cvep-plm/UVM/temp/vcf_per_chromosome/chr22.vcf.gz
    jobid: 73
    reason: Missing output files: /shares/CIBIO-Storage/BCG/scratch/fgastaldello/data/cvep-plm/UVM/temp/vcf_per_chromosome/chr22.vcf.gz; Input files updated by another job: /shares/CIBIO-Storage/BCG/scratch/fgastaldello/data/cvep-plm/UVM/temp/concatenated_vcf/UVM.snp.indel.vcf.gz
    wildcards: cancer_type=UVM, chr=22
    resources: tmpdir=/tmp

[Wed Nov 13 15:53:47 2024]
Error in rule split_chromosomes:
    jobid: 25
    input: /shares/CIBIO-Storage/BCG/scratch/fgastaldello/data/cvep-plm/UVM/temp/concatenated_vcf/UVM.snp.indel.vcf.gz
    output: /shares/CIBIO-Storage/BCG/scratch/fgastaldello/data/cvep-plm/UVM/temp/vcf_per_chromosome/chr6.vcf.gz
    shell:
        bcftools view --regions chr6 /shares/CIBIO-Storage/BCG/scratch/fgastaldello/data/cvep-plm/UVM/temp/concatenated_vcf/UVM.snp.indel.vcf.gz -Oz -o /shares/CIBIO-Storage/BCG/scratch/fgastaldello/data/cvep-plm/UVM/temp/vcf_per_chromosome/chr6.vcf.gz
        (one of the commands exited with non-zero exit code; note that snakemake uses bash strict mode!)


[Wed Nov 13 15:53:47 2024]
localrule split_chromosomes:
    input: /shares/CIBIO-Storage/BCG/scratch/fgastaldello/data/cvep-plm/UVM/temp/concatenated_vcf/UVM.snp.indel.vcf.gz
    output: /shares/CIBIO-Storage/BCG/scratch/fgastaldello/data/cvep-plm/UVM/temp/vcf_per_chromosome/chr21.vcf.gz
    jobid: 70
    reason: Missing output files: /shares/CIBIO-Storage/BCG/scratch/fgastaldello/data/cvep-plm/UVM/temp/vcf_per_chromosome/chr21.vcf.gz; Input files updated by another job: /shares/CIBIO-Storage/BCG/scratch/fgastaldello/data/cvep-plm/UVM/temp/concatenated_vcf/UVM.snp.indel.vcf.gz
    wildcards: cancer_type=UVM, chr=21
    resources: tmpdir=/tmp

[Wed Nov 13 15:53:47 2024]
Error in rule split_chromosomes:
    jobid: 64
    input: /shares/CIBIO-Storage/BCG/scratch/fgastaldello/data/cvep-plm/UVM/temp/concatenated_vcf/UVM.snp.indel.vcf.gz
    output: /shares/CIBIO-Storage/BCG/scratch/fgastaldello/data/cvep-plm/UVM/temp/vcf_per_chromosome/chr19.vcf.gz
    shell:
        bcftools view --regions chr19 /shares/CIBIO-Storage/BCG/scratch/fgastaldello/data/cvep-plm/UVM/temp/concatenated_vcf/UVM.snp.indel.vcf.gz -Oz -o /shares/CIBIO-Storage/BCG/scratch/fgastaldello/data/cvep-plm/UVM/temp/vcf_per_chromosome/chr19.vcf.gz
        (one of the commands exited with non-zero exit code; note that snakemake uses bash strict mode!)


[Wed Nov 13 15:53:47 2024]
localrule split_chromosomes:
    input: /shares/CIBIO-Storage/BCG/scratch/fgastaldello/data/cvep-plm/UVM/temp/concatenated_vcf/UVM.snp.indel.vcf.gz
    output: /shares/CIBIO-Storage/BCG/scratch/fgastaldello/data/cvep-plm/UVM/temp/vcf_per_chromosome/chr12.vcf.gz
    jobid: 43
    reason: Missing output files: /shares/CIBIO-Storage/BCG/scratch/fgastaldello/data/cvep-plm/UVM/temp/vcf_per_chromosome/chr12.vcf.gz; Input files updated by another job: /shares/CIBIO-Storage/BCG/scratch/fgastaldello/data/cvep-plm/UVM/temp/concatenated_vcf/UVM.snp.indel.vcf.gz
    wildcards: cancer_type=UVM, chr=12
    resources: tmpdir=/tmp

[Wed Nov 13 15:53:47 2024]
Error in rule split_chromosomes:
    jobid: 73
    input: /shares/CIBIO-Storage/BCG/scratch/fgastaldello/data/cvep-plm/UVM/temp/concatenated_vcf/UVM.snp.indel.vcf.gz
    output: /shares/CIBIO-Storage/BCG/scratch/fgastaldello/data/cvep-plm/UVM/temp/vcf_per_chromosome/chr22.vcf.gz
    shell:
        bcftools view --regions chr22 /shares/CIBIO-Storage/BCG/scratch/fgastaldello/data/cvep-plm/UVM/temp/concatenated_vcf/UVM.snp.indel.vcf.gz -Oz -o /shares/CIBIO-Storage/BCG/scratch/fgastaldello/data/cvep-plm/UVM/temp/vcf_per_chromosome/chr22.vcf.gz
        (one of the commands exited with non-zero exit code; note that snakemake uses bash strict mode!)

[Wed Nov 13 15:53:47 2024]
Error in rule split_chromosomes:
    jobid: 70
    input: /shares/CIBIO-Storage/BCG/scratch/fgastaldello/data/cvep-plm/UVM/temp/concatenated_vcf/UVM.snp.indel.vcf.gz
    output: /shares/CIBIO-Storage/BCG/scratch/fgastaldello/data/cvep-plm/UVM/temp/vcf_per_chromosome/chr21.vcf.gz
    shell:
        bcftools view --regions chr21 /shares/CIBIO-Storage/BCG/scratch/fgastaldello/data/cvep-plm/UVM/temp/concatenated_vcf/UVM.snp.indel.vcf.gz -Oz -o /shares/CIBIO-Storage/BCG/scratch/fgastaldello/data/cvep-plm/UVM/temp/vcf_per_chromosome/chr21.vcf.gz
        (one of the commands exited with non-zero exit code; note that snakemake uses bash strict mode!)

[Wed Nov 13 15:53:47 2024]
Error in rule split_chromosomes:
    jobid: 43
    input: /shares/CIBIO-Storage/BCG/scratch/fgastaldello/data/cvep-plm/UVM/temp/concatenated_vcf/UVM.snp.indel.vcf.gz
    output: /shares/CIBIO-Storage/BCG/scratch/fgastaldello/data/cvep-plm/UVM/temp/vcf_per_chromosome/chr12.vcf.gz
    shell:
        bcftools view --regions chr12 /shares/CIBIO-Storage/BCG/scratch/fgastaldello/data/cvep-plm/UVM/temp/concatenated_vcf/UVM.snp.indel.vcf.gz -Oz -o /shares/CIBIO-Storage/BCG/scratch/fgastaldello/data/cvep-plm/UVM/temp/vcf_per_chromosome/chr12.vcf.gz
        (one of the commands exited with non-zero exit code; note that snakemake uses bash strict mode!)

Shutting down, this might take some time.
Exiting because a job execution failed. Look above for error message
Complete log: .snakemake/log/2024-11-13T155310.097317.snakemake.log
WorkflowError:
At least one job did not complete successfully.
