host: cibio-bcglab4
Building DAG of jobs...
Using shell: /usr/bin/bash
Provided cores: 50
Rules claiming more threads will be scaled down.
Job stats:
job                     count
--------------------  -------
all                         1
index_chromosome_vcf       22
index_phased_vcf           22
phasing                    22
total                      67

Select jobs to execute...
Execute 22 jobs...

[Wed Nov 13 16:08:45 2024]
localrule index_chromosome_vcf:
    input: /shares/CIBIO-Storage/BCG/scratch/fgastaldello/data/cvep-plm/UVM/temp/vcf_per_chromosome/chr15.vcf.gz
    output: /shares/CIBIO-Storage/BCG/scratch/fgastaldello/data/cvep-plm/UVM/temp/vcf_per_chromosome/chr15.vcf.gz.tbi
    jobid: 68
    reason: Missing output files: /shares/CIBIO-Storage/BCG/scratch/fgastaldello/data/cvep-plm/UVM/temp/vcf_per_chromosome/chr15.vcf.gz.tbi
    wildcards: cancer_type=UVM, chr=15
    resources: tmpdir=/tmp


[Wed Nov 13 16:08:45 2024]
localrule index_chromosome_vcf:
    input: /shares/CIBIO-Storage/BCG/scratch/fgastaldello/data/cvep-plm/UVM/temp/vcf_per_chromosome/chr3.vcf.gz
    output: /shares/CIBIO-Storage/BCG/scratch/fgastaldello/data/cvep-plm/UVM/temp/vcf_per_chromosome/chr3.vcf.gz.tbi
    jobid: 20
    reason: Missing output files: /shares/CIBIO-Storage/BCG/scratch/fgastaldello/data/cvep-plm/UVM/temp/vcf_per_chromosome/chr3.vcf.gz.tbi
    wildcards: cancer_type=UVM, chr=3
    resources: tmpdir=/tmp


[Wed Nov 13 16:08:45 2024]
localrule index_chromosome_vcf:
    input: /shares/CIBIO-Storage/BCG/scratch/fgastaldello/data/cvep-plm/UVM/temp/vcf_per_chromosome/chr12.vcf.gz
    output: /shares/CIBIO-Storage/BCG/scratch/fgastaldello/data/cvep-plm/UVM/temp/vcf_per_chromosome/chr12.vcf.gz.tbi
    jobid: 56
    reason: Missing output files: /shares/CIBIO-Storage/BCG/scratch/fgastaldello/data/cvep-plm/UVM/temp/vcf_per_chromosome/chr12.vcf.gz.tbi
    wildcards: cancer_type=UVM, chr=12
    resources: tmpdir=/tmp


[Wed Nov 13 16:08:45 2024]
localrule index_chromosome_vcf:
    input: /shares/CIBIO-Storage/BCG/scratch/fgastaldello/data/cvep-plm/UVM/temp/vcf_per_chromosome/chr9.vcf.gz
    output: /shares/CIBIO-Storage/BCG/scratch/fgastaldello/data/cvep-plm/UVM/temp/vcf_per_chromosome/chr9.vcf.gz.tbi
    jobid: 44
    reason: Missing output files: /shares/CIBIO-Storage/BCG/scratch/fgastaldello/data/cvep-plm/UVM/temp/vcf_per_chromosome/chr9.vcf.gz.tbi
    wildcards: cancer_type=UVM, chr=9
    resources: tmpdir=/tmp


[Wed Nov 13 16:08:45 2024]
localrule index_chromosome_vcf:
    input: /shares/CIBIO-Storage/BCG/scratch/fgastaldello/data/cvep-plm/UVM/temp/vcf_per_chromosome/chr6.vcf.gz
    output: /shares/CIBIO-Storage/BCG/scratch/fgastaldello/data/cvep-plm/UVM/temp/vcf_per_chromosome/chr6.vcf.gz.tbi
    jobid: 32
    reason: Missing output files: /shares/CIBIO-Storage/BCG/scratch/fgastaldello/data/cvep-plm/UVM/temp/vcf_per_chromosome/chr6.vcf.gz.tbi
    wildcards: cancer_type=UVM, chr=6
    resources: tmpdir=/tmp


[Wed Nov 13 16:08:45 2024]
localrule index_chromosome_vcf:
    input: /shares/CIBIO-Storage/BCG/scratch/fgastaldello/data/cvep-plm/UVM/temp/vcf_per_chromosome/chr18.vcf.gz
    output: /shares/CIBIO-Storage/BCG/scratch/fgastaldello/data/cvep-plm/UVM/temp/vcf_per_chromosome/chr18.vcf.gz.tbi
    jobid: 80
    reason: Missing output files: /shares/CIBIO-Storage/BCG/scratch/fgastaldello/data/cvep-plm/UVM/temp/vcf_per_chromosome/chr18.vcf.gz.tbi
    wildcards: cancer_type=UVM, chr=18
    resources: tmpdir=/tmp


[Wed Nov 13 16:08:45 2024]
localrule index_chromosome_vcf:
    input: /shares/CIBIO-Storage/BCG/scratch/fgastaldello/data/cvep-plm/UVM/temp/vcf_per_chromosome/chr21.vcf.gz
    output: /shares/CIBIO-Storage/BCG/scratch/fgastaldello/data/cvep-plm/UVM/temp/vcf_per_chromosome/chr21.vcf.gz.tbi
    jobid: 92
    reason: Missing output files: /shares/CIBIO-Storage/BCG/scratch/fgastaldello/data/cvep-plm/UVM/temp/vcf_per_chromosome/chr21.vcf.gz.tbi
    wildcards: cancer_type=UVM, chr=21
    resources: tmpdir=/tmp


[Wed Nov 13 16:08:45 2024]
localrule index_chromosome_vcf:
    input: /shares/CIBIO-Storage/BCG/scratch/fgastaldello/data/cvep-plm/UVM/temp/vcf_per_chromosome/chr1.vcf.gz
    output: /shares/CIBIO-Storage/BCG/scratch/fgastaldello/data/cvep-plm/UVM/temp/vcf_per_chromosome/chr1.vcf.gz.tbi
    jobid: 12
    reason: Missing output files: /shares/CIBIO-Storage/BCG/scratch/fgastaldello/data/cvep-plm/UVM/temp/vcf_per_chromosome/chr1.vcf.gz.tbi
    wildcards: cancer_type=UVM, chr=1
    resources: tmpdir=/tmp


[Wed Nov 13 16:08:45 2024]
localrule index_chromosome_vcf:
    input: /shares/CIBIO-Storage/BCG/scratch/fgastaldello/data/cvep-plm/UVM/temp/vcf_per_chromosome/chr13.vcf.gz
    output: /shares/CIBIO-Storage/BCG/scratch/fgastaldello/data/cvep-plm/UVM/temp/vcf_per_chromosome/chr13.vcf.gz.tbi
    jobid: 60
    reason: Missing output files: /shares/CIBIO-Storage/BCG/scratch/fgastaldello/data/cvep-plm/UVM/temp/vcf_per_chromosome/chr13.vcf.gz.tbi
    wildcards: cancer_type=UVM, chr=13
    resources: tmpdir=/tmp


[Wed Nov 13 16:08:45 2024]
localrule index_chromosome_vcf:
    input: /shares/CIBIO-Storage/BCG/scratch/fgastaldello/data/cvep-plm/UVM/temp/vcf_per_chromosome/chr22.vcf.gz
    output: /shares/CIBIO-Storage/BCG/scratch/fgastaldello/data/cvep-plm/UVM/temp/vcf_per_chromosome/chr22.vcf.gz.tbi
    jobid: 96
    reason: Missing output files: /shares/CIBIO-Storage/BCG/scratch/fgastaldello/data/cvep-plm/UVM/temp/vcf_per_chromosome/chr22.vcf.gz.tbi
    wildcards: cancer_type=UVM, chr=22
    resources: tmpdir=/tmp


[Wed Nov 13 16:08:45 2024]
localrule index_chromosome_vcf:
    input: /shares/CIBIO-Storage/BCG/scratch/fgastaldello/data/cvep-plm/UVM/temp/vcf_per_chromosome/chr19.vcf.gz
    output: /shares/CIBIO-Storage/BCG/scratch/fgastaldello/data/cvep-plm/UVM/temp/vcf_per_chromosome/chr19.vcf.gz.tbi
    jobid: 84
    reason: Missing output files: /shares/CIBIO-Storage/BCG/scratch/fgastaldello/data/cvep-plm/UVM/temp/vcf_per_chromosome/chr19.vcf.gz.tbi
    wildcards: cancer_type=UVM, chr=19
    resources: tmpdir=/tmp


[Wed Nov 13 16:08:45 2024]
localrule index_chromosome_vcf:
    input: /shares/CIBIO-Storage/BCG/scratch/fgastaldello/data/cvep-plm/UVM/temp/vcf_per_chromosome/chr4.vcf.gz
    output: /shares/CIBIO-Storage/BCG/scratch/fgastaldello/data/cvep-plm/UVM/temp/vcf_per_chromosome/chr4.vcf.gz.tbi
    jobid: 24
    reason: Missing output files: /shares/CIBIO-Storage/BCG/scratch/fgastaldello/data/cvep-plm/UVM/temp/vcf_per_chromosome/chr4.vcf.gz.tbi
    wildcards: cancer_type=UVM, chr=4
    resources: tmpdir=/tmp


[Wed Nov 13 16:08:45 2024]
localrule index_chromosome_vcf:
    input: /shares/CIBIO-Storage/BCG/scratch/fgastaldello/data/cvep-plm/UVM/temp/vcf_per_chromosome/chr16.vcf.gz
    output: /shares/CIBIO-Storage/BCG/scratch/fgastaldello/data/cvep-plm/UVM/temp/vcf_per_chromosome/chr16.vcf.gz.tbi
    jobid: 72
    reason: Missing output files: /shares/CIBIO-Storage/BCG/scratch/fgastaldello/data/cvep-plm/UVM/temp/vcf_per_chromosome/chr16.vcf.gz.tbi
    wildcards: cancer_type=UVM, chr=16
    resources: tmpdir=/tmp


[Wed Nov 13 16:08:45 2024]
localrule index_chromosome_vcf:
    input: /shares/CIBIO-Storage/BCG/scratch/fgastaldello/data/cvep-plm/UVM/temp/vcf_per_chromosome/chr10.vcf.gz
    output: /shares/CIBIO-Storage/BCG/scratch/fgastaldello/data/cvep-plm/UVM/temp/vcf_per_chromosome/chr10.vcf.gz.tbi
    jobid: 48
    reason: Missing output files: /shares/CIBIO-Storage/BCG/scratch/fgastaldello/data/cvep-plm/UVM/temp/vcf_per_chromosome/chr10.vcf.gz.tbi
    wildcards: cancer_type=UVM, chr=10
    resources: tmpdir=/tmp


[Wed Nov 13 16:08:45 2024]
localrule index_chromosome_vcf:
    input: /shares/CIBIO-Storage/BCG/scratch/fgastaldello/data/cvep-plm/UVM/temp/vcf_per_chromosome/chr7.vcf.gz
    output: /shares/CIBIO-Storage/BCG/scratch/fgastaldello/data/cvep-plm/UVM/temp/vcf_per_chromosome/chr7.vcf.gz.tbi
    jobid: 36
    reason: Missing output files: /shares/CIBIO-Storage/BCG/scratch/fgastaldello/data/cvep-plm/UVM/temp/vcf_per_chromosome/chr7.vcf.gz.tbi
    wildcards: cancer_type=UVM, chr=7
    resources: tmpdir=/tmp


[Wed Nov 13 16:08:45 2024]
localrule index_chromosome_vcf:
    input: /shares/CIBIO-Storage/BCG/scratch/fgastaldello/data/cvep-plm/UVM/temp/vcf_per_chromosome/chr8.vcf.gz
    output: /shares/CIBIO-Storage/BCG/scratch/fgastaldello/data/cvep-plm/UVM/temp/vcf_per_chromosome/chr8.vcf.gz.tbi
    jobid: 40
    reason: Missing output files: /shares/CIBIO-Storage/BCG/scratch/fgastaldello/data/cvep-plm/UVM/temp/vcf_per_chromosome/chr8.vcf.gz.tbi
    wildcards: cancer_type=UVM, chr=8
    resources: tmpdir=/tmp


[Wed Nov 13 16:08:45 2024]
localrule index_chromosome_vcf:
    input: /shares/CIBIO-Storage/BCG/scratch/fgastaldello/data/cvep-plm/UVM/temp/vcf_per_chromosome/chr5.vcf.gz
    output: /shares/CIBIO-Storage/BCG/scratch/fgastaldello/data/cvep-plm/UVM/temp/vcf_per_chromosome/chr5.vcf.gz.tbi
    jobid: 28
    reason: Missing output files: /shares/CIBIO-Storage/BCG/scratch/fgastaldello/data/cvep-plm/UVM/temp/vcf_per_chromosome/chr5.vcf.gz.tbi
    wildcards: cancer_type=UVM, chr=5
    resources: tmpdir=/tmp


[Wed Nov 13 16:08:45 2024]
localrule index_chromosome_vcf:
    input: /shares/CIBIO-Storage/BCG/scratch/fgastaldello/data/cvep-plm/UVM/temp/vcf_per_chromosome/chr2.vcf.gz
    output: /shares/CIBIO-Storage/BCG/scratch/fgastaldello/data/cvep-plm/UVM/temp/vcf_per_chromosome/chr2.vcf.gz.tbi
    jobid: 16
    reason: Missing output files: /shares/CIBIO-Storage/BCG/scratch/fgastaldello/data/cvep-plm/UVM/temp/vcf_per_chromosome/chr2.vcf.gz.tbi
    wildcards: cancer_type=UVM, chr=2
    resources: tmpdir=/tmp


[Wed Nov 13 16:08:45 2024]
localrule index_chromosome_vcf:
    input: /shares/CIBIO-Storage/BCG/scratch/fgastaldello/data/cvep-plm/UVM/temp/vcf_per_chromosome/chr11.vcf.gz
    output: /shares/CIBIO-Storage/BCG/scratch/fgastaldello/data/cvep-plm/UVM/temp/vcf_per_chromosome/chr11.vcf.gz.tbi
    jobid: 52
    reason: Missing output files: /shares/CIBIO-Storage/BCG/scratch/fgastaldello/data/cvep-plm/UVM/temp/vcf_per_chromosome/chr11.vcf.gz.tbi
    wildcards: cancer_type=UVM, chr=11
    resources: tmpdir=/tmp


[Wed Nov 13 16:08:45 2024]
localrule index_chromosome_vcf:
    input: /shares/CIBIO-Storage/BCG/scratch/fgastaldello/data/cvep-plm/UVM/temp/vcf_per_chromosome/chr14.vcf.gz
    output: /shares/CIBIO-Storage/BCG/scratch/fgastaldello/data/cvep-plm/UVM/temp/vcf_per_chromosome/chr14.vcf.gz.tbi
    jobid: 64
    reason: Missing output files: /shares/CIBIO-Storage/BCG/scratch/fgastaldello/data/cvep-plm/UVM/temp/vcf_per_chromosome/chr14.vcf.gz.tbi
    wildcards: cancer_type=UVM, chr=14
    resources: tmpdir=/tmp


[Wed Nov 13 16:08:45 2024]
localrule index_chromosome_vcf:
    input: /shares/CIBIO-Storage/BCG/scratch/fgastaldello/data/cvep-plm/UVM/temp/vcf_per_chromosome/chr17.vcf.gz
    output: /shares/CIBIO-Storage/BCG/scratch/fgastaldello/data/cvep-plm/UVM/temp/vcf_per_chromosome/chr17.vcf.gz.tbi
    jobid: 76
    reason: Missing output files: /shares/CIBIO-Storage/BCG/scratch/fgastaldello/data/cvep-plm/UVM/temp/vcf_per_chromosome/chr17.vcf.gz.tbi
    wildcards: cancer_type=UVM, chr=17
    resources: tmpdir=/tmp


[Wed Nov 13 16:08:45 2024]
localrule index_chromosome_vcf:
    input: /shares/CIBIO-Storage/BCG/scratch/fgastaldello/data/cvep-plm/UVM/temp/vcf_per_chromosome/chr20.vcf.gz
    output: /shares/CIBIO-Storage/BCG/scratch/fgastaldello/data/cvep-plm/UVM/temp/vcf_per_chromosome/chr20.vcf.gz.tbi
    jobid: 88
    reason: Missing output files: /shares/CIBIO-Storage/BCG/scratch/fgastaldello/data/cvep-plm/UVM/temp/vcf_per_chromosome/chr20.vcf.gz.tbi
    wildcards: cancer_type=UVM, chr=20
    resources: tmpdir=/tmp

[Wed Nov 13 16:08:45 2024]
Finished job 92.
1 of 67 steps (1%) done
[Wed Nov 13 16:08:45 2024]
Finished job 68.
2 of 67 steps (3%) done
[Wed Nov 13 16:08:46 2024]
Finished job 80.
3 of 67 steps (4%) done
[Wed Nov 13 16:08:46 2024]
Finished job 60.
4 of 67 steps (6%) done
[Wed Nov 13 16:08:46 2024]
Finished job 96.
5 of 67 steps (7%) done
Select jobs to execute...
Execute 5 jobs...

[Wed Nov 13 16:08:46 2024]
localrule phasing:
    input: /shares/CIBIO-Storage/BCG/scratch/fgastaldello/data/cvep-plm/UVM/temp/vcf_per_chromosome/chr18.vcf.gz, /shares/CIBIO-Storage/BCG/scratch/fgastaldello/resources/maps/chr18.b38.gmap.gz, /shares/CIBIO-Storage/BCG/scratch/fgastaldello/data/cvep-plm/UVM/temp/vcf_per_chromosome/chr18.vcf.gz.tbi
    output: /shares/CIBIO-Storage/BCG/scratch/fgastaldello/data/cvep-plm/UVM/phased_vcf/UVM.chr18.phased.bcf
    jobid: 78
    reason: Missing output files: /shares/CIBIO-Storage/BCG/scratch/fgastaldello/data/cvep-plm/UVM/phased_vcf/UVM.chr18.phased.bcf; Input files updated by another job: /shares/CIBIO-Storage/BCG/scratch/fgastaldello/data/cvep-plm/UVM/temp/vcf_per_chromosome/chr18.vcf.gz.tbi
    wildcards: cancer_type=UVM, chr=18
    resources: tmpdir=/tmp


[Wed Nov 13 16:08:46 2024]
localrule phasing:
    input: /shares/CIBIO-Storage/BCG/scratch/fgastaldello/data/cvep-plm/UVM/temp/vcf_per_chromosome/chr15.vcf.gz, /shares/CIBIO-Storage/BCG/scratch/fgastaldello/resources/maps/chr15.b38.gmap.gz, /shares/CIBIO-Storage/BCG/scratch/fgastaldello/data/cvep-plm/UVM/temp/vcf_per_chromosome/chr15.vcf.gz.tbi
    output: /shares/CIBIO-Storage/BCG/scratch/fgastaldello/data/cvep-plm/UVM/phased_vcf/UVM.chr15.phased.bcf
    jobid: 66
    reason: Missing output files: /shares/CIBIO-Storage/BCG/scratch/fgastaldello/data/cvep-plm/UVM/phased_vcf/UVM.chr15.phased.bcf; Input files updated by another job: /shares/CIBIO-Storage/BCG/scratch/fgastaldello/data/cvep-plm/UVM/temp/vcf_per_chromosome/chr15.vcf.gz.tbi
    wildcards: cancer_type=UVM, chr=15
    resources: tmpdir=/tmp

[Wed Nov 13 16:08:46 2024]
Error in rule phasing:
    jobid: 78
    input: /shares/CIBIO-Storage/BCG/scratch/fgastaldello/data/cvep-plm/UVM/temp/vcf_per_chromosome/chr18.vcf.gz, /shares/CIBIO-Storage/BCG/scratch/fgastaldello/resources/maps/chr18.b38.gmap.gz, /shares/CIBIO-Storage/BCG/scratch/fgastaldello/data/cvep-plm/UVM/temp/vcf_per_chromosome/chr18.vcf.gz.tbi
    output: /shares/CIBIO-Storage/BCG/scratch/fgastaldello/data/cvep-plm/UVM/phased_vcf/UVM.chr18.phased.bcf
    shell:
        /shares/CIBIO-Storage/BCG/scratch/fgastaldello/tools/shapeit5/phase_common_static --input /shares/CIBIO-Storage/BCG/scratch/fgastaldello/data/cvep-plm/UVM/temp/vcf_per_chromosome/chr18.vcf.gz --region 1:1000000000 --map /shares/CIBIO-Storage/BCG/scratch/fgastaldello/resources/maps/chr18.b38.gmap.gz --filter-maf 0.001 --output /shares/CIBIO-Storage/BCG/scratch/fgastaldello/data/cvep-plm/UVM/phased_vcf/UVM.chr18.phased.bcf --thread 1
        (one of the commands exited with non-zero exit code; note that snakemake uses bash strict mode!)


[Wed Nov 13 16:08:46 2024]
localrule phasing:
    input: /shares/CIBIO-Storage/BCG/scratch/fgastaldello/data/cvep-plm/UVM/temp/vcf_per_chromosome/chr13.vcf.gz, /shares/CIBIO-Storage/BCG/scratch/fgastaldello/resources/maps/chr13.b38.gmap.gz, /shares/CIBIO-Storage/BCG/scratch/fgastaldello/data/cvep-plm/UVM/temp/vcf_per_chromosome/chr13.vcf.gz.tbi
    output: /shares/CIBIO-Storage/BCG/scratch/fgastaldello/data/cvep-plm/UVM/phased_vcf/UVM.chr13.phased.bcf
    jobid: 58
    reason: Missing output files: /shares/CIBIO-Storage/BCG/scratch/fgastaldello/data/cvep-plm/UVM/phased_vcf/UVM.chr13.phased.bcf; Input files updated by another job: /shares/CIBIO-Storage/BCG/scratch/fgastaldello/data/cvep-plm/UVM/temp/vcf_per_chromosome/chr13.vcf.gz.tbi
    wildcards: cancer_type=UVM, chr=13
    resources: tmpdir=/tmp

[Wed Nov 13 16:08:46 2024]
Error in rule phasing:
    jobid: 66
    input: /shares/CIBIO-Storage/BCG/scratch/fgastaldello/data/cvep-plm/UVM/temp/vcf_per_chromosome/chr15.vcf.gz, /shares/CIBIO-Storage/BCG/scratch/fgastaldello/resources/maps/chr15.b38.gmap.gz, /shares/CIBIO-Storage/BCG/scratch/fgastaldello/data/cvep-plm/UVM/temp/vcf_per_chromosome/chr15.vcf.gz.tbi
    output: /shares/CIBIO-Storage/BCG/scratch/fgastaldello/data/cvep-plm/UVM/phased_vcf/UVM.chr15.phased.bcf
    shell:
        /shares/CIBIO-Storage/BCG/scratch/fgastaldello/tools/shapeit5/phase_common_static --input /shares/CIBIO-Storage/BCG/scratch/fgastaldello/data/cvep-plm/UVM/temp/vcf_per_chromosome/chr15.vcf.gz --region 1:1000000000 --map /shares/CIBIO-Storage/BCG/scratch/fgastaldello/resources/maps/chr15.b38.gmap.gz --filter-maf 0.001 --output /shares/CIBIO-Storage/BCG/scratch/fgastaldello/data/cvep-plm/UVM/phased_vcf/UVM.chr15.phased.bcf --thread 1
        (one of the commands exited with non-zero exit code; note that snakemake uses bash strict mode!)


[Wed Nov 13 16:08:46 2024]
localrule phasing:
    input: /shares/CIBIO-Storage/BCG/scratch/fgastaldello/data/cvep-plm/UVM/temp/vcf_per_chromosome/chr22.vcf.gz, /shares/CIBIO-Storage/BCG/scratch/fgastaldello/resources/maps/chr22.b38.gmap.gz, /shares/CIBIO-Storage/BCG/scratch/fgastaldello/data/cvep-plm/UVM/temp/vcf_per_chromosome/chr22.vcf.gz.tbi
    output: /shares/CIBIO-Storage/BCG/scratch/fgastaldello/data/cvep-plm/UVM/phased_vcf/UVM.chr22.phased.bcf
    jobid: 94
    reason: Missing output files: /shares/CIBIO-Storage/BCG/scratch/fgastaldello/data/cvep-plm/UVM/phased_vcf/UVM.chr22.phased.bcf; Input files updated by another job: /shares/CIBIO-Storage/BCG/scratch/fgastaldello/data/cvep-plm/UVM/temp/vcf_per_chromosome/chr22.vcf.gz.tbi
    wildcards: cancer_type=UVM, chr=22
    resources: tmpdir=/tmp

[Wed Nov 13 16:08:46 2024]
Error in rule phasing:
    jobid: 58
    input: /shares/CIBIO-Storage/BCG/scratch/fgastaldello/data/cvep-plm/UVM/temp/vcf_per_chromosome/chr13.vcf.gz, /shares/CIBIO-Storage/BCG/scratch/fgastaldello/resources/maps/chr13.b38.gmap.gz, /shares/CIBIO-Storage/BCG/scratch/fgastaldello/data/cvep-plm/UVM/temp/vcf_per_chromosome/chr13.vcf.gz.tbi
    output: /shares/CIBIO-Storage/BCG/scratch/fgastaldello/data/cvep-plm/UVM/phased_vcf/UVM.chr13.phased.bcf
    shell:
        /shares/CIBIO-Storage/BCG/scratch/fgastaldello/tools/shapeit5/phase_common_static --input /shares/CIBIO-Storage/BCG/scratch/fgastaldello/data/cvep-plm/UVM/temp/vcf_per_chromosome/chr13.vcf.gz --region 1:1000000000 --map /shares/CIBIO-Storage/BCG/scratch/fgastaldello/resources/maps/chr13.b38.gmap.gz --filter-maf 0.001 --output /shares/CIBIO-Storage/BCG/scratch/fgastaldello/data/cvep-plm/UVM/phased_vcf/UVM.chr13.phased.bcf --thread 1
        (one of the commands exited with non-zero exit code; note that snakemake uses bash strict mode!)


[Wed Nov 13 16:08:46 2024]
localrule phasing:
    input: /shares/CIBIO-Storage/BCG/scratch/fgastaldello/data/cvep-plm/UVM/temp/vcf_per_chromosome/chr21.vcf.gz, /shares/CIBIO-Storage/BCG/scratch/fgastaldello/resources/maps/chr21.b38.gmap.gz, /shares/CIBIO-Storage/BCG/scratch/fgastaldello/data/cvep-plm/UVM/temp/vcf_per_chromosome/chr21.vcf.gz.tbi
    output: /shares/CIBIO-Storage/BCG/scratch/fgastaldello/data/cvep-plm/UVM/phased_vcf/UVM.chr21.phased.bcf
    jobid: 90
    reason: Missing output files: /shares/CIBIO-Storage/BCG/scratch/fgastaldello/data/cvep-plm/UVM/phased_vcf/UVM.chr21.phased.bcf; Input files updated by another job: /shares/CIBIO-Storage/BCG/scratch/fgastaldello/data/cvep-plm/UVM/temp/vcf_per_chromosome/chr21.vcf.gz.tbi
    wildcards: cancer_type=UVM, chr=21
    resources: tmpdir=/tmp
[Wed Nov 13 16:08:46 2024]

Error in rule phasing:
    jobid: 94
    input: /shares/CIBIO-Storage/BCG/scratch/fgastaldello/data/cvep-plm/UVM/temp/vcf_per_chromosome/chr22.vcf.gz, /shares/CIBIO-Storage/BCG/scratch/fgastaldello/resources/maps/chr22.b38.gmap.gz, /shares/CIBIO-Storage/BCG/scratch/fgastaldello/data/cvep-plm/UVM/temp/vcf_per_chromosome/chr22.vcf.gz.tbi
    output: /shares/CIBIO-Storage/BCG/scratch/fgastaldello/data/cvep-plm/UVM/phased_vcf/UVM.chr22.phased.bcf
    shell:
        /shares/CIBIO-Storage/BCG/scratch/fgastaldello/tools/shapeit5/phase_common_static --input /shares/CIBIO-Storage/BCG/scratch/fgastaldello/data/cvep-plm/UVM/temp/vcf_per_chromosome/chr22.vcf.gz --region 1:1000000000 --map /shares/CIBIO-Storage/BCG/scratch/fgastaldello/resources/maps/chr22.b38.gmap.gz --filter-maf 0.001 --output /shares/CIBIO-Storage/BCG/scratch/fgastaldello/data/cvep-plm/UVM/phased_vcf/UVM.chr22.phased.bcf --thread 1
        (one of the commands exited with non-zero exit code; note that snakemake uses bash strict mode!)

[Wed Nov 13 16:08:46 2024]
Finished job 44.
6 of 67 steps (9%) done
[Wed Nov 13 16:08:46 2024]
Error in rule phasing:
    jobid: 90
    input: /shares/CIBIO-Storage/BCG/scratch/fgastaldello/data/cvep-plm/UVM/temp/vcf_per_chromosome/chr21.vcf.gz, /shares/CIBIO-Storage/BCG/scratch/fgastaldello/resources/maps/chr21.b38.gmap.gz, /shares/CIBIO-Storage/BCG/scratch/fgastaldello/data/cvep-plm/UVM/temp/vcf_per_chromosome/chr21.vcf.gz.tbi
    output: /shares/CIBIO-Storage/BCG/scratch/fgastaldello/data/cvep-plm/UVM/phased_vcf/UVM.chr21.phased.bcf
    shell:
        /shares/CIBIO-Storage/BCG/scratch/fgastaldello/tools/shapeit5/phase_common_static --input /shares/CIBIO-Storage/BCG/scratch/fgastaldello/data/cvep-plm/UVM/temp/vcf_per_chromosome/chr21.vcf.gz --region 1:1000000000 --map /shares/CIBIO-Storage/BCG/scratch/fgastaldello/resources/maps/chr21.b38.gmap.gz --filter-maf 0.001 --output /shares/CIBIO-Storage/BCG/scratch/fgastaldello/data/cvep-plm/UVM/phased_vcf/UVM.chr21.phased.bcf --thread 1
        (one of the commands exited with non-zero exit code; note that snakemake uses bash strict mode!)

[Wed Nov 13 16:08:46 2024]
Finished job 56.
7 of 67 steps (10%) done
[Wed Nov 13 16:08:46 2024]
Finished job 20.
8 of 67 steps (12%) done
[Wed Nov 13 16:08:46 2024]
Finished job 24.
9 of 67 steps (13%) done
[Wed Nov 13 16:08:46 2024]
Finished job 48.
10 of 67 steps (15%) done
[Wed Nov 13 16:08:46 2024]
Finished job 40.
11 of 67 steps (16%) done
[Wed Nov 13 16:08:46 2024]
Finished job 32.
12 of 67 steps (18%) done
[Wed Nov 13 16:08:46 2024]
Finished job 28.
13 of 67 steps (19%) done
[Wed Nov 13 16:08:46 2024]
Finished job 64.
14 of 67 steps (21%) done
[Wed Nov 13 16:08:46 2024]
Finished job 72.
15 of 67 steps (22%) done
[Wed Nov 13 16:08:46 2024]
Finished job 36.
16 of 67 steps (24%) done
[Wed Nov 13 16:08:46 2024]
Finished job 88.
17 of 67 steps (25%) done
[Wed Nov 13 16:08:46 2024]
Finished job 84.
18 of 67 steps (27%) done
[Wed Nov 13 16:08:46 2024]
Finished job 16.
19 of 67 steps (28%) done
[Wed Nov 13 16:08:46 2024]
Finished job 52.
20 of 67 steps (30%) done
[Wed Nov 13 16:08:46 2024]
Finished job 12.
21 of 67 steps (31%) done
[Wed Nov 13 16:08:46 2024]
Finished job 76.
22 of 67 steps (33%) done
Shutting down, this might take some time.
Exiting because a job execution failed. Look above for error message
Complete log: .snakemake/log/2024-11-13T160845.571321.snakemake.log
WorkflowError:
At least one job did not complete successfully.
